I, [2013-10-27T15:49:29.727680 #30178]  INFO -- : Beginning Two Letter Search..
I, [2013-10-27T15:49:53.237367 #30178]  INFO -- : finished AA
I, [2013-10-27T15:49:57.551692 #30178]  INFO -- : finished AB
I, [2013-10-27T15:49:59.895132 #30178]  INFO -- : finished AC
I, [2013-10-27T15:50:04.049105 #30178]  INFO -- : finished AD
I, [2013-10-27T15:50:08.220168 #30178]  INFO -- : finished AE
I, [2013-10-27T15:50:10.460099 #30178]  INFO -- : finished AF
I, [2013-10-27T15:50:14.819479 #30178]  INFO -- : finished AG
I, [2013-10-27T15:50:19.012097 #30178]  INFO -- : finished AH
I, [2013-10-27T15:50:23.310861 #30178]  INFO -- : finished AI
I, [2013-10-27T15:50:25.603060 #30178]  INFO -- : finished AJ
I, [2013-10-27T15:50:27.829330 #30178]  INFO -- : finished AK
I, [2013-10-27T15:50:32.192496 #30178]  INFO -- : finished AL
I, [2013-10-27T15:50:36.289781 #30178]  INFO -- : finished AM
I, [2013-10-27T15:50:40.341395 #30178]  INFO -- : finished AN
I, [2013-10-27T15:50:42.499533 #30178]  INFO -- : finished AO
I, [2013-10-27T15:50:44.595615 #30178]  INFO -- : finished AP
I, [2013-10-27T15:50:46.662683 #30178]  INFO -- : finished AQ
I, [2013-10-27T15:50:50.720710 #30178]  INFO -- : finished AR
I, [2013-10-27T15:50:55.127893 #30178]  INFO -- : finished AS
I, [2013-10-27T15:50:59.534912 #30178]  INFO -- : finished AT
I, [2013-10-27T15:51:01.679396 #30178]  INFO -- : finished AU
I, [2013-10-27T15:51:04.208455 #30178]  INFO -- : finished AV
I, [2013-10-27T15:51:08.468433 #30178]  INFO -- : finished AW
I, [2013-10-27T15:51:13.084405 #30178]  INFO -- : finished AX
I, [2013-10-27T15:51:17.307145 #30178]  INFO -- : finished AY
I, [2013-10-27T15:51:20.142561 #30178]  INFO -- : finished AZ
I, [2013-10-27T15:51:24.488622 #30178]  INFO -- : finished BA
I, [2013-10-27T15:51:26.615117 #30178]  INFO -- : finished BB
I, [2013-10-27T15:51:29.051276 #30178]  INFO -- : finished BC
I, [2013-10-27T15:51:31.246044 #30178]  INFO -- : finished BD
I, [2013-10-27T15:51:35.321537 #30178]  INFO -- : finished BE
I, [2013-10-27T15:51:37.464006 #30178]  INFO -- : finished BF
I, [2013-10-27T15:51:40.012691 #30178]  INFO -- : finished BG
I, [2013-10-27T15:51:42.431605 #30178]  INFO -- : finished BH
I, [2013-10-27T15:51:46.460826 #30178]  INFO -- : finished BI
I, [2013-10-27T15:51:48.809403 #30178]  INFO -- : finished BJ
I, [2013-10-27T15:51:51.072085 #30178]  INFO -- : finished BK
I, [2013-10-27T15:51:53.187594 #30178]  INFO -- : finished BL
I, [2013-10-27T15:51:55.437845 #30178]  INFO -- : finished BM
I, [2013-10-27T15:51:57.761978 #30178]  INFO -- : finished BN
I, [2013-10-27T15:52:02.032158 #30178]  INFO -- : finished BO
I, [2013-10-27T15:52:04.437656 #30178]  INFO -- : finished BP
I, [2013-10-27T15:52:06.781972 #30178]  INFO -- : finished BQ
I, [2013-10-27T15:52:09.019987 #30178]  INFO -- : finished BR
I, [2013-10-27T15:52:11.418442 #30178]  INFO -- : finished BS
I, [2013-10-27T15:52:13.643121 #30178]  INFO -- : finished BT
I, [2013-10-27T15:52:15.936152 #30178]  INFO -- : finished BU
I, [2013-10-27T15:52:18.284141 #30178]  INFO -- : finished BV
I, [2013-10-27T15:52:20.544189 #30178]  INFO -- : finished BW
I, [2013-10-27T15:52:22.755419 #30178]  INFO -- : finished BX
I, [2013-10-27T15:52:27.303735 #30178]  INFO -- : finished BY
I, [2013-10-27T15:52:29.509674 #30178]  INFO -- : finished BZ
I, [2013-10-27T15:52:31.866140 #30178]  INFO -- : finished CA
I, [2013-10-27T15:52:34.115411 #30178]  INFO -- : finished CB
I, [2013-10-27T15:52:36.438490 #30178]  INFO -- : finished CC
I, [2013-10-27T15:52:51.439435 #30178]  INFO -- : finished CD
I, [2013-10-27T15:52:53.708196 #30178]  INFO -- : finished CE
I, [2013-10-27T15:52:56.016606 #30178]  INFO -- : finished CF
I, [2013-10-27T15:52:58.452188 #30178]  INFO -- : finished CG
I, [2013-10-27T15:53:00.681704 #30178]  INFO -- : finished CH
I, [2013-10-27T15:53:02.838122 #30178]  INFO -- : finished CI
I, [2013-10-27T15:53:04.915722 #30178]  INFO -- : finished CJ
I, [2013-10-27T15:53:07.213659 #30178]  INFO -- : finished CK
I, [2013-10-27T15:53:09.493315 #30178]  INFO -- : finished CL
I, [2013-10-27T15:53:22.920928 #30178]  INFO -- : finished CM
I, [2013-10-27T15:53:25.711648 #30178]  INFO -- : finished CN
I, [2013-10-27T15:53:27.953296 #30178]  INFO -- : finished CO
I, [2013-10-27T15:53:30.398482 #30178]  INFO -- : finished CP
I, [2013-10-27T15:53:32.618467 #30178]  INFO -- : finished CQ
I, [2013-10-27T15:53:35.002622 #30178]  INFO -- : finished CR
I, [2013-10-27T15:53:37.087452 #30178]  INFO -- : finished CS
I, [2013-10-27T15:53:39.291811 #30178]  INFO -- : finished CT
I, [2013-10-27T15:53:41.424938 #30178]  INFO -- : finished CU
I, [2013-10-27T15:53:43.842078 #30178]  INFO -- : finished CV
I, [2013-10-27T15:53:46.030710 #30178]  INFO -- : finished CW
I, [2013-10-27T15:53:48.470464 #30178]  INFO -- : finished CX
I, [2013-10-27T15:53:50.943952 #30178]  INFO -- : finished CY
I, [2013-10-27T15:53:53.170768 #30178]  INFO -- : finished CZ
I, [2013-10-27T15:53:55.395541 #30178]  INFO -- : finished DA
I, [2013-10-27T15:53:57.671177 #30178]  INFO -- : finished DB
I, [2013-10-27T15:53:59.994479 #30178]  INFO -- : finished DC
I, [2013-10-27T15:54:02.224774 #30178]  INFO -- : finished DD
I, [2013-10-27T15:54:06.544270 #30178]  INFO -- : finished DE
I, [2013-10-27T15:54:08.942396 #30178]  INFO -- : finished DF
I, [2013-10-27T15:54:11.569446 #30178]  INFO -- : finished DG
I, [2013-10-27T15:54:14.262955 #30178]  INFO -- : finished DH
I, [2013-10-27T15:54:16.625974 #30178]  INFO -- : finished DI
I, [2013-10-27T15:54:19.034637 #30178]  INFO -- : finished DJ
I, [2013-10-27T15:54:21.245226 #30178]  INFO -- : finished DK
I, [2013-10-27T15:54:23.578375 #30178]  INFO -- : finished DL
I, [2013-10-27T15:54:26.116413 #30178]  INFO -- : finished DM
I, [2013-10-27T15:54:28.223784 #30178]  INFO -- : finished DN
I, [2013-10-27T15:54:32.307420 #30178]  INFO -- : finished DO
I, [2013-10-27T15:54:34.739481 #30178]  INFO -- : finished DP
I, [2013-10-27T15:54:36.896874 #30178]  INFO -- : finished DQ
I, [2013-10-27T15:54:39.046708 #30178]  INFO -- : finished DR
I, [2013-10-27T15:54:41.609568 #30178]  INFO -- : finished DS
I, [2013-10-27T15:54:43.987609 #30178]  INFO -- : finished DT
I, [2013-10-27T15:54:46.259373 #30178]  INFO -- : finished DU
I, [2013-10-27T15:54:48.580948 #30178]  INFO -- : finished DV
I, [2013-10-27T15:54:50.881419 #30178]  INFO -- : finished DW
I, [2013-10-27T15:55:03.542911 #30178]  INFO -- : finished DX
I, [2013-10-27T15:55:05.803465 #30178]  INFO -- : finished DY
I, [2013-10-27T15:55:08.071345 #30178]  INFO -- : finished DZ
I, [2013-10-27T15:55:10.301985 #30178]  INFO -- : finished EA
I, [2013-10-27T15:55:12.581371 #30178]  INFO -- : finished EB
I, [2013-10-27T15:55:14.881232 #30178]  INFO -- : finished EC
I, [2013-10-27T15:55:19.313520 #30178]  INFO -- : finished ED
I, [2013-10-27T15:55:21.551675 #30178]  INFO -- : finished EE
I, [2013-10-27T15:55:25.956629 #30178]  INFO -- : finished EF
I, [2013-10-27T15:55:28.331204 #30178]  INFO -- : finished EG
I, [2013-10-27T15:55:32.606288 #30178]  INFO -- : finished EH
I, [2013-10-27T15:55:35.026286 #30178]  INFO -- : finished EI
I, [2013-10-27T15:55:39.991506 #30178]  INFO -- : finished EJ
I, [2013-10-27T15:55:42.292477 #30178]  INFO -- : finished EK
I, [2013-10-27T15:55:46.703381 #30178]  INFO -- : finished EL
I, [2013-10-27T15:55:51.038109 #30178]  INFO -- : finished EM
I, [2013-10-27T15:55:55.255247 #30178]  INFO -- : finished EN
I, [2013-10-27T15:55:57.456132 #30178]  INFO -- : finished EO
I, [2013-10-27T15:56:01.757761 #30178]  INFO -- : finished EP
I, [2013-10-27T15:56:03.991512 #30178]  INFO -- : finished EQ
I, [2013-10-27T15:56:08.510836 #30178]  INFO -- : finished ER
I, [2013-10-27T15:56:12.723490 #30178]  INFO -- : finished ES
I, [2013-10-27T15:56:16.995387 #30178]  INFO -- : finished ET
I, [2013-10-27T15:56:19.916165 #30178]  INFO -- : finished EU
I, [2013-10-27T15:56:22.387500 #30178]  INFO -- : finished EV
I, [2013-10-27T15:56:24.762536 #30178]  INFO -- : finished EW
I, [2013-10-27T15:56:29.192482 #30178]  INFO -- : finished EX
I, [2013-10-27T15:56:31.318946 #30178]  INFO -- : finished EY
I, [2013-10-27T15:56:33.692517 #30178]  INFO -- : finished EZ
I, [2013-10-27T15:56:38.144895 #30178]  INFO -- : finished FA
I, [2013-10-27T15:56:40.383815 #30178]  INFO -- : finished FB
I, [2013-10-27T15:56:42.749765 #30178]  INFO -- : finished FC
I, [2013-10-27T15:56:45.108977 #30178]  INFO -- : finished FD
I, [2013-10-27T15:56:49.444316 #30178]  INFO -- : finished FE
I, [2013-10-27T15:56:51.731376 #30178]  INFO -- : finished FF
I, [2013-10-27T15:56:54.444635 #30178]  INFO -- : finished FG
I, [2013-10-27T15:56:56.618250 #30178]  INFO -- : finished FH
I, [2013-10-27T15:56:58.888442 #30178]  INFO -- : finished FI
I, [2013-10-27T15:57:01.072656 #30178]  INFO -- : finished FJ
I, [2013-10-27T15:57:03.298584 #30178]  INFO -- : finished FK
I, [2013-10-27T15:57:05.609691 #30178]  INFO -- : finished FL
I, [2013-10-27T15:57:08.061774 #30178]  INFO -- : finished FM
I, [2013-10-27T15:57:10.316567 #30178]  INFO -- : finished FN
I, [2013-10-27T15:57:12.546700 #30178]  INFO -- : finished FO
I, [2013-10-27T15:57:14.941664 #30178]  INFO -- : finished FP
I, [2013-10-27T15:57:17.274483 #30178]  INFO -- : finished FQ
I, [2013-10-27T15:57:19.575501 #30178]  INFO -- : finished FR
I, [2013-10-27T15:57:21.897437 #30178]  INFO -- : finished FS
I, [2013-10-27T15:57:24.277354 #30178]  INFO -- : finished FT
I, [2013-10-27T15:57:26.538559 #30178]  INFO -- : finished FU
I, [2013-10-27T15:57:28.734568 #30178]  INFO -- : finished FV
I, [2013-10-27T15:57:30.912546 #30178]  INFO -- : finished FW
I, [2013-10-27T15:57:33.270026 #30178]  INFO -- : finished FX
I, [2013-10-27T15:57:40.251999 #30178]  INFO -- : finished FY
I, [2013-10-27T15:57:42.545934 #30178]  INFO -- : finished FZ
I, [2013-10-27T15:57:44.851140 #30178]  INFO -- : finished GA
I, [2013-10-27T15:57:47.266487 #30178]  INFO -- : finished GB
I, [2013-10-27T15:57:49.568090 #30178]  INFO -- : finished GC
I, [2013-10-27T15:57:52.086015 #30178]  INFO -- : finished GD
I, [2013-10-27T15:57:54.664197 #30178]  INFO -- : finished GE
I, [2013-10-27T15:57:56.999044 #30178]  INFO -- : finished GF
I, [2013-10-27T15:57:59.459097 #30178]  INFO -- : finished GG
I, [2013-10-27T15:58:01.816681 #30178]  INFO -- : finished GH
I, [2013-10-27T15:58:04.064199 #30178]  INFO -- : finished GI
I, [2013-10-27T15:58:06.605435 #30178]  INFO -- : finished GJ
I, [2013-10-27T15:58:08.814989 #30178]  INFO -- : finished GK
I, [2013-10-27T15:58:11.017592 #30178]  INFO -- : finished GL
I, [2013-10-27T15:58:13.412345 #30178]  INFO -- : finished GM
I, [2013-10-27T15:58:15.625750 #30178]  INFO -- : finished GN
I, [2013-10-27T15:58:20.085606 #30178]  INFO -- : finished GO
I, [2013-10-27T15:58:22.519936 #30178]  INFO -- : finished GP
I, [2013-10-27T15:58:25.107966 #30178]  INFO -- : finished GQ
I, [2013-10-27T15:58:27.351013 #30178]  INFO -- : finished GR
I, [2013-10-27T15:58:30.041270 #30178]  INFO -- : finished GS
I, [2013-10-27T15:58:32.490579 #30178]  INFO -- : finished GT
I, [2013-10-27T15:58:34.940939 #30178]  INFO -- : finished GU
I, [2013-10-27T15:58:37.204362 #30178]  INFO -- : finished GV
I, [2013-10-27T15:58:39.597467 #30178]  INFO -- : finished GW
I, [2013-10-27T15:58:42.264683 #30178]  INFO -- : finished GX
I, [2013-10-27T15:58:45.602480 #30178]  INFO -- : finished GY
I, [2013-10-27T15:58:47.926418 #30178]  INFO -- : finished GZ
I, [2013-10-27T15:58:58.853501 #30178]  INFO -- : finished HA
I, [2013-10-27T15:59:01.062022 #30178]  INFO -- : finished HB
I, [2013-10-27T15:59:05.752194 #30178]  INFO -- : finished HC
I, [2013-10-27T15:59:08.074326 #30178]  INFO -- : finished HD
I, [2013-10-27T15:59:12.685526 #30178]  INFO -- : finished HE
I, [2013-10-27T15:59:15.515971 #30178]  INFO -- : finished HF
I, [2013-10-27T15:59:25.102167 #30178]  INFO -- : finished HG
I, [2013-10-27T15:59:27.360474 #30178]  INFO -- : finished HH
I, [2013-10-27T15:59:31.672964 #30178]  INFO -- : finished HI
I, [2013-10-27T15:59:40.210183 #30178]  INFO -- : finished HJ
I, [2013-10-27T15:59:48.687322 #30178]  INFO -- : finished HK
I, [2013-10-27T15:59:50.892918 #30178]  INFO -- : finished HL
I, [2013-10-27T15:59:55.139144 #30178]  INFO -- : finished HM
I, [2013-10-27T15:59:58.087538 #30178]  INFO -- : finished HN
I, [2013-10-27T16:00:02.368868 #30178]  INFO -- : finished HO
I, [2013-10-27T16:00:04.745475 #30178]  INFO -- : finished HP
I, [2013-10-27T16:00:07.683369 #30178]  INFO -- : finished HQ
I, [2013-10-27T16:00:10.365816 #30178]  INFO -- : finished HR
I, [2013-10-27T16:00:13.010405 #30178]  INFO -- : finished HS
I, [2013-10-27T16:00:15.575346 #30178]  INFO -- : finished HT
I, [2013-10-27T16:00:18.118275 #30178]  INFO -- : finished HU
I, [2013-10-27T16:00:20.928190 #30178]  INFO -- : finished HV
I, [2013-10-27T16:00:24.082121 #30178]  INFO -- : finished HW
I, [2013-10-27T16:00:26.553734 #30178]  INFO -- : finished HX
I, [2013-10-27T16:00:29.155058 #30178]  INFO -- : finished HY
I, [2013-10-27T16:00:31.554932 #30178]  INFO -- : finished HZ
I, [2013-10-27T16:00:34.305504 #30178]  INFO -- : finished IA
I, [2013-10-27T16:00:37.625858 #30178]  INFO -- : finished IB
I, [2013-10-27T16:00:40.722581 #30178]  INFO -- : finished IC
I, [2013-10-27T16:00:45.702087 #30178]  INFO -- : finished ID
I, [2013-10-27T16:00:48.371920 #30178]  INFO -- : finished IE
I, [2013-10-27T16:00:52.491552 #30178]  INFO -- : finished IF
I, [2013-10-27T16:00:55.193154 #30178]  INFO -- : finished IG
I, [2013-10-27T16:00:57.496743 #30178]  INFO -- : finished IH
I, [2013-10-27T16:00:59.810126 #30178]  INFO -- : finished II
I, [2013-10-27T16:01:02.523398 #30178]  INFO -- : finished IJ
I, [2013-10-27T16:01:04.946587 #30178]  INFO -- : finished IK
I, [2013-10-27T16:01:07.663911 #30178]  INFO -- : finished IL
I, [2013-10-27T16:01:10.495263 #30178]  INFO -- : finished IM
I, [2013-10-27T16:01:14.754429 #30178]  INFO -- : finished IN
I, [2013-10-27T16:01:17.313015 #30178]  INFO -- : finished IO
I, [2013-10-27T16:01:19.692890 #30178]  INFO -- : finished IP
I, [2013-10-27T16:01:22.084927 #30178]  INFO -- : finished IQ
I, [2013-10-27T16:01:24.642868 #30178]  INFO -- : finished IR
I, [2013-10-27T16:01:29.353468 #30178]  INFO -- : finished IS
I, [2013-10-27T16:01:33.527297 #30178]  INFO -- : finished IT
I, [2013-10-27T16:01:36.225934 #30178]  INFO -- : finished IU
I, [2013-10-27T16:01:38.936836 #30178]  INFO -- : finished IV
I, [2013-10-27T16:01:41.358901 #30178]  INFO -- : finished IW
I, [2013-10-27T16:01:44.248691 #30178]  INFO -- : finished IX
I, [2013-10-27T16:01:46.712409 #30178]  INFO -- : finished IY
I, [2013-10-27T16:01:49.204188 #30178]  INFO -- : finished IZ
I, [2013-10-27T16:01:51.740605 #30178]  INFO -- : finished JA
I, [2013-10-27T16:01:54.246911 #30178]  INFO -- : finished JB
I, [2013-10-27T16:01:56.604695 #30178]  INFO -- : finished JC
I, [2013-10-27T16:01:59.179041 #30178]  INFO -- : finished JD
I, [2013-10-27T16:02:01.664744 #30178]  INFO -- : finished JE
I, [2013-10-27T16:02:04.278252 #30178]  INFO -- : finished JF
I, [2013-10-27T16:02:07.368948 #30178]  INFO -- : finished JG
I, [2013-10-27T16:02:10.363504 #30178]  INFO -- : finished JH
I, [2013-10-27T16:02:12.968624 #30178]  INFO -- : finished JI
I, [2013-10-27T16:02:15.552410 #30178]  INFO -- : finished JJ
I, [2013-10-27T16:02:18.262183 #30178]  INFO -- : finished JK
I, [2013-10-27T16:02:21.367113 #30178]  INFO -- : finished JL
I, [2013-10-27T16:02:24.004520 #30178]  INFO -- : finished JM
I, [2013-10-27T16:02:26.453632 #30178]  INFO -- : finished JN
I, [2013-10-27T16:02:31.044117 #30178]  INFO -- : finished JO
I, [2013-10-27T16:02:49.788381 #30178]  INFO -- : finished JP
I, [2013-10-27T16:02:52.379092 #30178]  INFO -- : finished JQ
I, [2013-10-27T16:02:54.717952 #30178]  INFO -- : finished JR
I, [2013-10-27T16:02:57.327319 #30178]  INFO -- : finished JS
I, [2013-10-27T16:02:59.872225 #30178]  INFO -- : finished JT
I, [2013-10-27T16:03:02.130202 #30178]  INFO -- : finished JU
I, [2013-10-27T16:03:05.089531 #30178]  INFO -- : finished JV
I, [2013-10-27T16:03:07.525361 #30178]  INFO -- : finished JW
I, [2013-10-27T16:03:09.968386 #30178]  INFO -- : finished JX
I, [2013-10-27T16:03:12.382156 #30178]  INFO -- : finished JY
I, [2013-10-27T16:03:14.822679 #30178]  INFO -- : finished JZ
I, [2013-10-27T16:03:19.551410 #30178]  INFO -- : finished KA
I, [2013-10-27T16:03:21.868536 #30178]  INFO -- : finished KB
I, [2013-10-27T16:03:24.247316 #30178]  INFO -- : finished KC
I, [2013-10-27T16:03:26.644610 #30178]  INFO -- : finished KD
I, [2013-10-27T16:03:28.987173 #30178]  INFO -- : finished KE
I, [2013-10-27T16:03:31.391888 #30178]  INFO -- : finished KF
I, [2013-10-27T16:03:33.884922 #30178]  INFO -- : finished KG
I, [2013-10-27T16:03:36.263542 #30178]  INFO -- : finished KH
I, [2013-10-27T16:03:40.391655 #30178]  INFO -- : finished KI
I, [2013-10-27T16:03:42.935816 #30178]  INFO -- : finished KJ
I, [2013-10-27T16:03:45.214268 #30178]  INFO -- : finished KK
I, [2013-10-27T16:03:47.455719 #30178]  INFO -- : finished KL
I, [2013-10-27T16:03:49.951812 #30178]  INFO -- : finished KM
I, [2013-10-27T16:03:52.413558 #30178]  INFO -- : finished KN
I, [2013-10-27T16:03:54.708177 #30178]  INFO -- : finished KO
I, [2013-10-27T16:03:57.134438 #30178]  INFO -- : finished KP
I, [2013-10-27T16:03:59.581569 #30178]  INFO -- : finished KQ
I, [2013-10-27T16:04:01.934079 #30178]  INFO -- : finished KR
I, [2013-10-27T16:04:04.195361 #30178]  INFO -- : finished KS
I, [2013-10-27T16:04:06.709636 #30178]  INFO -- : finished KT
I, [2013-10-27T16:04:09.045193 #30178]  INFO -- : finished KU
I, [2013-10-27T16:04:11.585243 #30178]  INFO -- : finished KV
I, [2013-10-27T16:04:14.108026 #30178]  INFO -- : finished KW
I, [2013-10-27T16:04:16.438281 #30178]  INFO -- : finished KX
I, [2013-10-27T16:04:18.887250 #30178]  INFO -- : finished KY
I, [2013-10-27T16:04:21.401299 #30178]  INFO -- : finished KZ
I, [2013-10-27T16:04:25.708700 #30178]  INFO -- : finished LA
I, [2013-10-27T16:04:28.115343 #30178]  INFO -- : finished LB
I, [2013-10-27T16:04:30.392193 #30178]  INFO -- : finished LC
I, [2013-10-27T16:04:33.171107 #30178]  INFO -- : finished LD
I, [2013-10-27T16:04:35.575457 #30178]  INFO -- : finished LE
I, [2013-10-27T16:04:38.146418 #30178]  INFO -- : finished LF
I, [2013-10-27T16:04:40.462882 #30178]  INFO -- : finished LG
I, [2013-10-27T16:04:42.762172 #30178]  INFO -- : finished LH
I, [2013-10-27T16:04:46.908426 #30178]  INFO -- : finished LI
I, [2013-10-27T16:04:49.427914 #30178]  INFO -- : finished LJ
I, [2013-10-27T16:04:51.891876 #30178]  INFO -- : finished LK
I, [2013-10-27T16:04:54.577715 #30178]  INFO -- : finished LL
I, [2013-10-27T16:04:56.941456 #30178]  INFO -- : finished LM
I, [2013-10-27T16:04:59.227841 #30178]  INFO -- : finished LN
I, [2013-10-27T16:05:03.782199 #30178]  INFO -- : finished LO
I, [2013-10-27T16:05:06.208863 #30178]  INFO -- : finished LP
I, [2013-10-27T16:05:08.709843 #30178]  INFO -- : finished LQ
I, [2013-10-27T16:05:10.964472 #30178]  INFO -- : finished LR
I, [2013-10-27T16:05:13.378725 #30178]  INFO -- : finished LS
I, [2013-10-27T16:05:15.809389 #30178]  INFO -- : finished LT
I, [2013-10-27T16:05:18.225562 #30178]  INFO -- : finished LU
I, [2013-10-27T16:05:20.977728 #30178]  INFO -- : finished LV
I, [2013-10-27T16:05:23.351462 #30178]  INFO -- : finished LW
I, [2013-10-27T16:05:25.702254 #30178]  INFO -- : finished LX
I, [2013-10-27T16:05:28.276113 #30178]  INFO -- : finished LY
I, [2013-10-27T16:05:30.913655 #30178]  INFO -- : finished LZ
I, [2013-10-27T16:05:35.473983 #30178]  INFO -- : finished MA
I, [2013-10-27T16:05:37.842808 #30178]  INFO -- : finished MB
I, [2013-10-27T16:05:40.525407 #30178]  INFO -- : finished MC
I, [2013-10-27T16:05:43.014336 #30178]  INFO -- : finished MD
I, [2013-10-27T16:05:47.221809 #30178]  INFO -- : finished ME
I, [2013-10-27T16:05:49.782734 #30178]  INFO -- : finished MF
I, [2013-10-27T16:05:52.023738 #30178]  INFO -- : finished MG
I, [2013-10-27T16:05:54.275833 #30178]  INFO -- : finished MH
I, [2013-10-27T16:05:58.599944 #30178]  INFO -- : finished MI
I, [2013-10-27T16:06:00.843135 #30178]  INFO -- : finished MJ
I, [2013-10-27T16:06:03.307549 #30178]  INFO -- : finished MK
I, [2013-10-27T16:06:05.743422 #30178]  INFO -- : finished ML
I, [2013-10-27T16:06:10.085047 #30178]  INFO -- : finished MM
I, [2013-10-27T16:06:12.582541 #30178]  INFO -- : finished MN
I, [2013-10-27T16:06:16.895650 #30178]  INFO -- : finished MO
I, [2013-10-27T16:06:19.678129 #30178]  INFO -- : finished MP
I, [2013-10-27T16:06:22.737449 #30178]  INFO -- : finished MQ
I, [2013-10-27T16:06:25.222019 #30178]  INFO -- : finished MR
I, [2013-10-27T16:06:27.364805 #30178]  INFO -- : finished MS
I, [2013-10-27T16:06:29.632122 #30178]  INFO -- : finished MT
I, [2013-10-27T16:06:34.030983 #30178]  INFO -- : finished MU
I, [2013-10-27T16:06:36.194657 #30178]  INFO -- : finished MV
I, [2013-10-27T16:06:38.608556 #30178]  INFO -- : finished MW
I, [2013-10-27T16:06:40.925326 #30178]  INFO -- : finished MX
I, [2013-10-27T16:06:45.047783 #30178]  INFO -- : finished MY
I, [2013-10-27T16:06:47.514923 #30178]  INFO -- : finished MZ
I, [2013-10-27T16:06:51.977754 #30178]  INFO -- : finished NA
I, [2013-10-27T16:06:54.131170 #30178]  INFO -- : finished NB
I, [2013-10-27T16:06:56.601677 #30178]  INFO -- : finished NC
I, [2013-10-27T16:06:58.946916 #30178]  INFO -- : finished ND
I, [2013-10-27T16:07:03.313182 #30178]  INFO -- : finished NE
I, [2013-10-27T16:07:05.809634 #30178]  INFO -- : finished NF
I, [2013-10-27T16:07:08.172001 #30178]  INFO -- : finished NG
I, [2013-10-27T16:07:10.378671 #30178]  INFO -- : finished NH
I, [2013-10-27T16:07:12.673004 #30178]  INFO -- : finished NI
I, [2013-10-27T16:07:15.143592 #30178]  INFO -- : finished NJ
I, [2013-10-27T16:07:17.479949 #30178]  INFO -- : finished NK
I, [2013-10-27T16:07:19.698599 #30178]  INFO -- : finished NL
I, [2013-10-27T16:07:21.950718 #30178]  INFO -- : finished NM
I, [2013-10-27T16:07:24.365112 #30178]  INFO -- : finished NN
I, [2013-10-27T16:07:28.706020 #30178]  INFO -- : finished NO
I, [2013-10-27T16:07:31.247927 #30178]  INFO -- : finished NP
I, [2013-10-27T16:07:33.593127 #30178]  INFO -- : finished NQ
I, [2013-10-27T16:07:35.854790 #30178]  INFO -- : finished NR
I, [2013-10-27T16:07:38.025899 #30178]  INFO -- : finished NS
I, [2013-10-27T16:07:40.513988 #30178]  INFO -- : finished NT
I, [2013-10-27T16:07:45.233255 #30178]  INFO -- : finished NU
I, [2013-10-27T16:07:47.722796 #30178]  INFO -- : finished NV
I, [2013-10-27T16:07:49.918825 #30178]  INFO -- : finished NW
I, [2013-10-27T16:07:52.116381 #30178]  INFO -- : finished NX
I, [2013-10-27T16:07:54.546154 #30178]  INFO -- : finished NY
I, [2013-10-27T16:07:56.873154 #30178]  INFO -- : finished NZ
I, [2013-10-27T16:07:59.062607 #30178]  INFO -- : finished OA
I, [2013-10-27T16:08:01.248987 #30178]  INFO -- : finished OB
I, [2013-10-27T16:08:03.651302 #30178]  INFO -- : finished OC
I, [2013-10-27T16:08:07.978910 #30178]  INFO -- : finished OD
I, [2013-10-27T16:08:12.283964 #30178]  INFO -- : finished OE
I, [2013-10-27T16:08:17.076021 #30178]  INFO -- : finished OF
I, [2013-10-27T16:08:19.375462 #30178]  INFO -- : finished OG
I, [2013-10-27T16:08:23.693400 #30178]  INFO -- : finished OH
I, [2013-10-27T16:08:27.911657 #30178]  INFO -- : finished OI
I, [2013-10-27T16:08:30.244670 #30178]  INFO -- : finished OJ
I, [2013-10-27T16:08:32.828609 #30178]  INFO -- : finished OK
I, [2013-10-27T16:08:35.077420 #30178]  INFO -- : finished OL
I, [2013-10-27T16:08:39.162287 #30178]  INFO -- : finished OM
I, [2013-10-27T16:08:43.701827 #30178]  INFO -- : finished ON
I, [2013-10-27T16:08:46.628466 #30178]  INFO -- : finished OO
I, [2013-10-27T16:08:51.648710 #30178]  INFO -- : finished OP
I, [2013-10-27T16:08:54.322870 #30178]  INFO -- : finished OQ
I, [2013-10-27T16:08:58.650923 #30178]  INFO -- : finished OR
I, [2013-10-27T16:09:02.950386 #30178]  INFO -- : finished OS
I, [2013-10-27T16:09:05.344278 #30178]  INFO -- : finished OT
I, [2013-10-27T16:09:07.678258 #30178]  INFO -- : finished OU
I, [2013-10-27T16:09:10.313492 #30178]  INFO -- : finished OV
I, [2013-10-27T16:09:15.081699 #30178]  INFO -- : finished OW
I, [2013-10-27T16:09:19.812748 #30178]  INFO -- : finished OX
I, [2013-10-27T16:09:25.030759 #30178]  INFO -- : finished OY
I, [2013-10-27T16:09:27.234273 #30178]  INFO -- : finished OZ
I, [2013-10-27T16:09:31.619708 #30178]  INFO -- : finished PA
I, [2013-10-27T16:09:33.921446 #30178]  INFO -- : finished PB
I, [2013-10-27T16:09:36.692243 #30178]  INFO -- : finished PC
I, [2013-10-27T16:09:39.146149 #30178]  INFO -- : finished PD
I, [2013-10-27T16:09:43.671168 #30178]  INFO -- : finished PE
I, [2013-10-27T16:09:46.166180 #30178]  INFO -- : finished PF
I, [2013-10-27T16:09:48.463275 #30178]  INFO -- : finished PG
I, [2013-10-27T16:09:51.057223 #30178]  INFO -- : finished PH
I, [2013-10-27T16:09:55.373035 #30178]  INFO -- : finished PI
I, [2013-10-27T16:09:57.959056 #30178]  INFO -- : finished PJ
I, [2013-10-27T16:10:00.705317 #30178]  INFO -- : finished PK
I, [2013-10-27T16:10:03.073316 #30178]  INFO -- : finished PL
I, [2013-10-27T16:10:06.133674 #30178]  INFO -- : finished PM
I, [2013-10-27T16:10:08.473328 #30178]  INFO -- : finished PN
I, [2013-10-27T16:10:11.131779 #30178]  INFO -- : finished PO
I, [2013-10-27T16:10:14.024532 #30178]  INFO -- : finished PP
I, [2013-10-27T16:10:16.264526 #30178]  INFO -- : finished PQ
I, [2013-10-27T16:10:18.717554 #30178]  INFO -- : finished PR
I, [2013-10-27T16:10:21.423699 #30178]  INFO -- : finished PS
I, [2013-10-27T16:10:46.525699 #30178]  INFO -- : finished PT
I, [2013-10-27T16:10:48.829357 #30178]  INFO -- : finished PU
I, [2013-10-27T16:10:51.452644 #30178]  INFO -- : finished PV
I, [2013-10-27T16:10:53.760215 #30178]  INFO -- : finished PW
I, [2013-10-27T16:10:56.362665 #30178]  INFO -- : finished PX
I, [2013-10-27T16:10:58.596398 #30178]  INFO -- : finished PY
I, [2013-10-27T16:11:01.170060 #30178]  INFO -- : finished PZ
I, [2013-10-27T16:11:03.887432 #30178]  INFO -- : finished QA
I, [2013-10-27T16:11:14.869233 #30178]  INFO -- : finished QB
I, [2013-10-27T16:11:17.199461 #30178]  INFO -- : finished QC
I, [2013-10-27T16:11:19.658073 #30178]  INFO -- : finished QD
I, [2013-10-27T16:11:21.848468 #30178]  INFO -- : finished QE
I, [2013-10-27T16:11:24.493738 #30178]  INFO -- : finished QF
I, [2013-10-27T16:11:26.649265 #30178]  INFO -- : finished QG
I, [2013-10-27T16:11:28.934647 #30178]  INFO -- : finished QH
I, [2013-10-27T16:11:33.366221 #30178]  INFO -- : finished QI
I, [2013-10-27T16:11:36.592866 #30178]  INFO -- : finished QJ
I, [2013-10-27T16:11:38.914334 #30178]  INFO -- : finished QK
I, [2013-10-27T16:11:41.287314 #30178]  INFO -- : finished QL
I, [2013-10-27T16:11:43.582463 #30178]  INFO -- : finished QM
I, [2013-10-27T16:11:46.034650 #30178]  INFO -- : finished QN
I, [2013-10-27T16:11:48.515354 #30178]  INFO -- : finished QO
I, [2013-10-27T16:11:50.849736 #30178]  INFO -- : finished QP
I, [2013-10-27T16:11:53.075689 #30178]  INFO -- : finished QQ
I, [2013-10-27T16:11:55.545122 #30178]  INFO -- : finished QR
I, [2013-10-27T16:11:57.976638 #30178]  INFO -- : finished QS
I, [2013-10-27T16:12:00.436202 #30178]  INFO -- : finished QT
I, [2013-10-27T16:12:03.028013 #30178]  INFO -- : finished QU
I, [2013-10-27T16:12:05.622415 #30178]  INFO -- : finished QV
I, [2013-10-27T16:12:07.848646 #30178]  INFO -- : finished QW
I, [2013-10-27T16:12:10.151389 #30178]  INFO -- : finished QX
I, [2013-10-27T16:12:12.771894 #30178]  INFO -- : finished QY
I, [2013-10-27T16:12:15.237272 #30178]  INFO -- : finished QZ
I, [2013-10-27T16:12:17.701573 #30178]  INFO -- : finished RA
I, [2013-10-27T16:12:20.033005 #30178]  INFO -- : finished RB
I, [2013-10-27T16:12:35.554758 #30178]  INFO -- : finished RC
I, [2013-10-27T16:12:37.778349 #30178]  INFO -- : finished RD
I, [2013-10-27T16:12:42.434807 #30178]  INFO -- : finished RE
I, [2013-10-27T16:12:44.859277 #30178]  INFO -- : finished RF
I, [2013-10-27T16:12:47.172294 #30178]  INFO -- : finished RG
I, [2013-10-27T16:12:49.431077 #30178]  INFO -- : finished RH
I, [2013-10-27T16:12:51.804201 #30178]  INFO -- : finished RI
I, [2013-10-27T16:12:54.183119 #30178]  INFO -- : finished RJ
I, [2013-10-27T16:12:56.444893 #30178]  INFO -- : finished RK
I, [2013-10-27T16:12:58.669724 #30178]  INFO -- : finished RL
I, [2013-10-27T16:13:01.217498 #30178]  INFO -- : finished RM
I, [2013-10-27T16:13:03.582407 #30178]  INFO -- : finished RN
I, [2013-10-27T16:13:05.840995 #30178]  INFO -- : finished RO
I, [2013-10-27T16:13:08.220968 #30178]  INFO -- : finished RP
I, [2013-10-27T16:13:24.674590 #30178]  INFO -- : finished RQ
I, [2013-10-27T16:13:27.136847 #30178]  INFO -- : finished RR
I, [2013-10-27T16:13:29.507241 #30178]  INFO -- : finished RS
I, [2013-10-27T16:13:32.116106 #30178]  INFO -- : finished RT
I, [2013-10-27T16:13:34.651353 #30178]  INFO -- : finished RU
I, [2013-10-27T16:13:37.090218 #30178]  INFO -- : finished RV
I, [2013-10-27T16:13:39.383240 #30178]  INFO -- : finished RW
I, [2013-10-27T16:13:42.190423 #30178]  INFO -- : finished RX
I, [2013-10-27T16:13:44.617178 #30178]  INFO -- : finished RY
I, [2013-10-27T16:13:47.089163 #30178]  INFO -- : finished RZ
I, [2013-10-27T16:13:49.470601 #30178]  INFO -- : finished SA
I, [2013-10-27T16:13:51.785870 #30178]  INFO -- : finished SB
I, [2013-10-27T16:13:54.127424 #30178]  INFO -- : finished SC
I, [2013-10-27T16:13:56.748723 #30178]  INFO -- : finished SD
I, [2013-10-27T16:13:59.796897 #30178]  INFO -- : finished SE
I, [2013-10-27T16:14:02.604870 #30178]  INFO -- : finished SF
I, [2013-10-27T16:14:05.260187 #30178]  INFO -- : finished SG
I, [2013-10-27T16:14:09.433418 #30178]  INFO -- : finished SH
I, [2013-10-27T16:14:14.048421 #30178]  INFO -- : finished SI
I, [2013-10-27T16:14:16.368327 #30178]  INFO -- : finished SJ
I, [2013-10-27T16:14:18.910267 #30178]  INFO -- : finished SK
I, [2013-10-27T16:14:21.543337 #30178]  INFO -- : finished SL
I, [2013-10-27T16:14:24.271898 #30178]  INFO -- : finished SM
I, [2013-10-27T16:14:26.584259 #30178]  INFO -- : finished SN
I, [2013-10-27T16:14:31.268085 #30178]  INFO -- : finished SO
I, [2013-10-27T16:14:33.781761 #30178]  INFO -- : finished SP
I, [2013-10-27T16:14:36.462706 #30178]  INFO -- : finished SQ
I, [2013-10-27T16:14:39.079303 #30178]  INFO -- : finished SR
I, [2013-10-27T16:14:41.608770 #30178]  INFO -- : finished SS
I, [2013-10-27T16:14:44.016822 #30178]  INFO -- : finished ST
I, [2013-10-27T16:14:46.550539 #30178]  INFO -- : finished SU
I, [2013-10-27T16:14:49.049236 #30178]  INFO -- : finished SV
I, [2013-10-27T16:14:51.476552 #30178]  INFO -- : finished SW
I, [2013-10-27T16:14:53.738706 #30178]  INFO -- : finished SX
I, [2013-10-27T16:14:56.616676 #30178]  INFO -- : finished SY
I, [2013-10-27T16:14:58.955040 #30178]  INFO -- : finished SZ
I, [2013-10-27T16:15:03.731166 #30178]  INFO -- : finished TA
I, [2013-10-27T16:15:06.466247 #30178]  INFO -- : finished TB
I, [2013-10-27T16:15:25.323075 #30178]  INFO -- : finished TC
I, [2013-10-27T16:15:28.260356 #30178]  INFO -- : finished TD
I, [2013-10-27T16:15:30.584165 #30178]  INFO -- : finished TE
I, [2013-10-27T16:15:33.048333 #30178]  INFO -- : finished TF
I, [2013-10-27T16:15:35.542573 #30178]  INFO -- : finished TG
I, [2013-10-27T16:15:38.046108 #30178]  INFO -- : finished TH
I, [2013-10-27T16:15:42.601291 #30178]  INFO -- : finished TI
I, [2013-10-27T16:15:45.349989 #30178]  INFO -- : finished TJ
I, [2013-10-27T16:15:47.919270 #30178]  INFO -- : finished TK
I, [2013-10-27T16:15:50.796144 #30178]  INFO -- : finished TL
I, [2013-10-27T16:15:53.252881 #30178]  INFO -- : finished TM
I, [2013-10-27T16:15:55.714420 #30178]  INFO -- : finished TN
I, [2013-10-27T16:16:00.230486 #30178]  INFO -- : finished TO
I, [2013-10-27T16:16:02.491104 #30178]  INFO -- : finished TP
I, [2013-10-27T16:16:05.116565 #30178]  INFO -- : finished TQ
I, [2013-10-27T16:16:08.857468 #30178]  INFO -- : finished TR
I, [2013-10-27T16:16:12.562267 #30178]  INFO -- : finished TS
I, [2013-10-27T16:16:15.379822 #30178]  INFO -- : finished TT
I, [2013-10-27T16:16:18.015038 #30178]  INFO -- : finished TU
I, [2013-10-27T16:16:20.745819 #30178]  INFO -- : finished TV
I, [2013-10-27T16:16:23.697258 #30178]  INFO -- : finished TW
I, [2013-10-27T16:16:26.211334 #30178]  INFO -- : finished TX
I, [2013-10-27T16:16:28.916711 #30178]  INFO -- : finished TY
I, [2013-10-27T16:16:31.772783 #30178]  INFO -- : finished TZ
I, [2013-10-27T16:16:34.457456 #30178]  INFO -- : finished UA
I, [2013-10-27T16:16:47.947909 #30178]  INFO -- : finished UB
I, [2013-10-27T16:16:50.366200 #30178]  INFO -- : finished UC
I, [2013-10-27T16:16:52.643361 #30178]  INFO -- : finished UD
I, [2013-10-27T16:16:55.191072 #30178]  INFO -- : finished UE
I, [2013-10-27T16:16:57.870265 #30178]  INFO -- : finished UF
I, [2013-10-27T16:17:00.070981 #30178]  INFO -- : finished UG
I, [2013-10-27T16:17:04.176663 #30178]  INFO -- : finished UH
I, [2013-10-27T16:17:06.452717 #30178]  INFO -- : finished UI
I, [2013-10-27T16:17:08.789350 #30178]  INFO -- : finished UJ
I, [2013-10-27T16:17:11.035439 #30178]  INFO -- : finished UK
I, [2013-10-27T16:17:13.564157 #30178]  INFO -- : finished UL
I, [2013-10-27T16:17:17.915457 #30178]  INFO -- : finished UM
I, [2013-10-27T16:17:22.407524 #30178]  INFO -- : finished UN
I, [2013-10-27T16:17:24.834892 #30178]  INFO -- : finished UO
I, [2013-10-27T16:17:29.629565 #30178]  INFO -- : finished UP
I, [2013-10-27T16:17:32.357588 #30178]  INFO -- : finished UQ
I, [2013-10-27T16:17:34.684075 #30178]  INFO -- : finished UR
I, [2013-10-27T16:17:39.344780 #30178]  INFO -- : finished US
I, [2013-10-27T16:17:43.801199 #30178]  INFO -- : finished UT
I, [2013-10-27T16:17:47.178553 #30178]  INFO -- : finished UU
I, [2013-10-27T16:17:49.813563 #30178]  INFO -- : finished UV
I, [2013-10-27T16:17:53.193450 #30178]  INFO -- : finished UW
I, [2013-10-27T16:17:56.523490 #30178]  INFO -- : finished UX
I, [2013-10-27T16:17:59.014182 #30178]  INFO -- : finished UY
I, [2013-10-27T16:18:01.906285 #30178]  INFO -- : finished UZ
I, [2013-10-27T16:18:04.455367 #30178]  INFO -- : finished VA
I, [2013-10-27T16:18:07.351198 #30178]  INFO -- : finished VB
I, [2013-10-27T16:18:09.754357 #30178]  INFO -- : finished VC
I, [2013-10-27T16:18:18.514809 #30178]  INFO -- : finished VD
I, [2013-10-27T16:18:20.768730 #30178]  INFO -- : finished VE
I, [2013-10-27T16:18:23.184225 #30178]  INFO -- : finished VF
I, [2013-10-27T16:18:25.460803 #30178]  INFO -- : finished VG
I, [2013-10-27T16:18:27.910295 #30178]  INFO -- : finished VH
I, [2013-10-27T16:18:30.434498 #30178]  INFO -- : finished VI
I, [2013-10-27T16:18:32.725941 #30178]  INFO -- : finished VJ
I, [2013-10-27T16:18:35.084798 #30178]  INFO -- : finished VK
I, [2013-10-27T16:18:37.767433 #30178]  INFO -- : finished VL
I, [2013-10-27T16:18:39.970224 #30178]  INFO -- : finished VM
I, [2013-10-27T16:18:42.197691 #30178]  INFO -- : finished VN
I, [2013-10-27T16:18:44.611209 #30178]  INFO -- : finished VO
I, [2013-10-27T16:18:46.998684 #30178]  INFO -- : finished VP
I, [2013-10-27T16:18:49.227608 #30178]  INFO -- : finished VQ
I, [2013-10-27T16:18:51.681389 #30178]  INFO -- : finished VR
I, [2013-10-27T16:18:54.879138 #30178]  INFO -- : finished VS
I, [2013-10-27T16:18:57.931337 #30178]  INFO -- : finished VT
I, [2013-10-27T16:19:00.467520 #30178]  INFO -- : finished VU
I, [2013-10-27T16:19:03.095337 #30178]  INFO -- : finished VV
I, [2013-10-27T16:19:05.493675 #30178]  INFO -- : finished VW
I, [2013-10-27T16:19:08.024296 #30178]  INFO -- : finished VX
I, [2013-10-27T16:19:10.757946 #30178]  INFO -- : finished VY
I, [2013-10-27T16:19:13.683602 #30178]  INFO -- : finished VZ
I, [2013-10-27T16:19:16.074085 #30178]  INFO -- : finished WA
I, [2013-10-27T16:19:18.883293 #30178]  INFO -- : finished WB
I, [2013-10-27T16:19:21.450315 #30178]  INFO -- : finished WC
I, [2013-10-27T16:19:23.970255 #30178]  INFO -- : finished WD
I, [2013-10-27T16:19:28.433683 #30178]  INFO -- : finished WE
I, [2013-10-27T16:19:31.219008 #30178]  INFO -- : finished WF
I, [2013-10-27T16:19:33.777858 #30178]  INFO -- : finished WG
I, [2013-10-27T16:19:36.783864 #30178]  INFO -- : finished WH
I, [2013-10-27T16:19:39.516950 #30178]  INFO -- : finished WI
I, [2013-10-27T16:19:41.938090 #30178]  INFO -- : finished WJ
I, [2013-10-27T16:19:44.497589 #30178]  INFO -- : finished WK
I, [2013-10-27T16:19:47.202589 #30178]  INFO -- : finished WL
I, [2013-10-27T16:19:49.887165 #30178]  INFO -- : finished WM
I, [2013-10-27T16:19:52.307454 #30178]  INFO -- : finished WN
I, [2013-10-27T16:19:56.680782 #30178]  INFO -- : finished WO
I, [2013-10-27T16:19:59.278056 #30178]  INFO -- : finished WP
I, [2013-10-27T16:20:02.124731 #30178]  INFO -- : finished WQ
I, [2013-10-27T16:20:05.008011 #30178]  INFO -- : finished WR
I, [2013-10-27T16:20:07.510265 #30178]  INFO -- : finished WS
I, [2013-10-27T16:20:10.052326 #30178]  INFO -- : finished WT
I, [2013-10-27T16:20:12.658597 #30178]  INFO -- : finished WU
I, [2013-10-27T16:20:15.289580 #30178]  INFO -- : finished WV
I, [2013-10-27T16:20:18.206933 #30178]  INFO -- : finished WW
I, [2013-10-27T16:20:20.736178 #30178]  INFO -- : finished WX
I, [2013-10-27T16:20:23.401517 #30178]  INFO -- : finished WY
I, [2013-10-27T16:20:25.990883 #30178]  INFO -- : finished WZ
I, [2013-10-27T16:20:29.190108 #30178]  INFO -- : finished XA
I, [2013-10-27T16:20:33.186606 #30178]  INFO -- : finished XB
I, [2013-10-27T16:20:35.919820 #30178]  INFO -- : finished XC
I, [2013-10-27T16:20:38.410784 #30178]  INFO -- : finished XD
I, [2013-10-27T16:20:41.108299 #30178]  INFO -- : finished XE
I, [2013-10-27T16:20:43.801188 #30178]  INFO -- : finished XF
I, [2013-10-27T16:20:46.197956 #30178]  INFO -- : finished XG
I, [2013-10-27T16:20:48.598430 #30178]  INFO -- : finished XH
I, [2013-10-27T16:20:53.512844 #30178]  INFO -- : finished XI
I, [2013-10-27T16:20:59.002721 #30178]  INFO -- : finished XJ
I, [2013-10-27T16:21:02.447014 #30178]  INFO -- : finished XK
I, [2013-10-27T16:21:04.994424 #30178]  INFO -- : finished XL
I, [2013-10-27T16:21:07.568749 #30178]  INFO -- : finished XM
I, [2013-10-27T16:21:10.218831 #30178]  INFO -- : finished XN
I, [2013-10-27T16:21:12.572793 #30178]  INFO -- : finished XO
I, [2013-10-27T16:21:15.089576 #30178]  INFO -- : finished XP
I, [2013-10-27T16:21:17.714433 #30178]  INFO -- : finished XQ
I, [2013-10-27T16:21:20.369186 #30178]  INFO -- : finished XR
I, [2013-10-27T16:21:22.721716 #30178]  INFO -- : finished XS
I, [2013-10-27T16:21:25.373164 #30178]  INFO -- : finished XT
I, [2013-10-27T16:21:39.856393 #30178]  INFO -- : finished XU
I, [2013-10-27T16:21:59.983187 #30178]  INFO -- : finished XV
I, [2013-10-27T16:22:02.407855 #30178]  INFO -- : finished XW
I, [2013-10-27T16:22:14.714750 #30178]  INFO -- : finished XX
I, [2013-10-27T16:22:17.161962 #30178]  INFO -- : finished XY
I, [2013-10-27T16:22:19.512481 #30178]  INFO -- : finished XZ
I, [2013-10-27T16:22:23.935534 #30178]  INFO -- : finished YA
I, [2013-10-27T16:22:34.475764 #30178]  INFO -- : finished YB
I, [2013-10-27T16:22:50.707693 #30178]  INFO -- : finished YC
I, [2013-10-27T16:22:59.827980 #30178]  INFO -- : finished YD
I, [2013-10-27T16:23:04.528898 #30178]  INFO -- : finished YE
I, [2013-10-27T16:23:18.327034 #30178]  INFO -- : finished YF
I, [2013-10-27T16:23:20.744051 #30178]  INFO -- : finished YG
I, [2013-10-27T16:23:23.104779 #30178]  INFO -- : finished YH
I, [2013-10-27T16:23:25.578360 #30178]  INFO -- : finished YI
I, [2013-10-27T16:23:39.078562 #30178]  INFO -- : finished YJ
I, [2013-10-27T16:23:41.754768 #30178]  INFO -- : finished YK
I, [2013-10-27T16:23:44.330588 #30178]  INFO -- : finished YL
I, [2013-10-27T16:23:46.802584 #30178]  INFO -- : finished YM
I, [2013-10-27T16:23:49.647461 #30178]  INFO -- : finished YN
I, [2013-10-27T16:24:01.925619 #30178]  INFO -- : finished YO
I, [2013-10-27T16:24:04.666715 #30178]  INFO -- : finished YP
I, [2013-10-27T16:24:07.467250 #30178]  INFO -- : finished YQ
I, [2013-10-27T16:24:10.164051 #30178]  INFO -- : finished YR
I, [2013-10-27T16:24:12.623090 #30178]  INFO -- : finished YS
I, [2013-10-27T16:24:15.461610 #30178]  INFO -- : finished YT
I, [2013-10-27T16:24:18.034962 #30178]  INFO -- : finished YU
I, [2013-10-27T16:24:20.526847 #30178]  INFO -- : finished YV
I, [2013-10-27T16:24:23.403588 #30178]  INFO -- : finished YW
I, [2013-10-27T16:24:32.571928 #30178]  INFO -- : finished YX
I, [2013-10-27T16:24:44.084759 #30178]  INFO -- : finished YY
I, [2013-10-27T16:24:53.878529 #30178]  INFO -- : finished YZ
I, [2013-10-27T16:24:58.105457 #30178]  INFO -- : finished ZA
I, [2013-10-27T16:25:06.514534 #30178]  INFO -- : finished ZB
I, [2013-10-27T16:25:16.747316 #30178]  INFO -- : finished ZC
I, [2013-10-27T16:25:19.519870 #30178]  INFO -- : finished ZD
I, [2013-10-27T16:25:32.206865 #30178]  INFO -- : finished ZE
I, [2013-10-27T16:25:34.912261 #30178]  INFO -- : finished ZF
I, [2013-10-27T16:25:37.470458 #30178]  INFO -- : finished ZG
I, [2013-10-27T16:25:40.338542 #30178]  INFO -- : finished ZH
I, [2013-10-27T16:25:42.949050 #30178]  INFO -- : finished ZI
I, [2013-10-27T16:25:45.641732 #30178]  INFO -- : finished ZJ
I, [2013-10-27T16:25:48.408723 #30178]  INFO -- : finished ZK
I, [2013-10-27T16:25:50.988715 #30178]  INFO -- : finished ZL
I, [2013-10-27T16:25:53.420455 #30178]  INFO -- : finished ZM
I, [2013-10-27T16:25:56.048823 #30178]  INFO -- : finished ZN
I, [2013-10-27T16:25:58.769254 #30178]  INFO -- : finished ZO
I, [2013-10-27T16:26:01.401741 #30178]  INFO -- : finished ZP
I, [2013-10-27T16:26:04.074585 #30178]  INFO -- : finished ZQ
I, [2013-10-27T16:26:07.298553 #30178]  INFO -- : finished ZR
I, [2013-10-27T16:26:10.042941 #30178]  INFO -- : finished ZS
I, [2013-10-27T16:26:12.519097 #30178]  INFO -- : finished ZT
I, [2013-10-27T16:26:15.529546 #30178]  INFO -- : finished ZU
I, [2013-10-27T16:26:17.971666 #30178]  INFO -- : finished ZV
I, [2013-10-27T16:26:21.113202 #30178]  INFO -- : finished ZW
I, [2013-10-27T16:26:24.665600 #30178]  INFO -- : finished ZX
I, [2013-10-27T16:26:27.351237 #30178]  INFO -- : finished ZY
I, [2013-10-27T16:26:30.032041 #30178]  INFO -- : finished ZZ
I, [2013-10-27T16:26:30.032141 #30178]  INFO -- : Beginning Three Letter Search
I, [2013-10-27T16:26:33.111949 #30178]  INFO -- : finished AAA
I, [2013-10-27T16:26:35.681081 #30178]  INFO -- : finished AAB
I, [2013-10-27T16:26:38.391864 #30178]  INFO -- : finished AAC
I, [2013-10-27T16:26:41.454447 #30178]  INFO -- : finished AAD
I, [2013-10-27T16:26:44.040441 #30178]  INFO -- : finished AAE
I, [2013-10-27T16:26:47.091314 #30178]  INFO -- : finished AAF
I, [2013-10-27T16:26:50.022456 #30178]  INFO -- : finished AAG
I, [2013-10-27T16:26:54.984458 #30178]  INFO -- : finished AAH
I, [2013-10-27T16:26:57.825015 #30178]  INFO -- : finished AAI
I, [2013-10-27T16:27:00.563117 #30178]  INFO -- : finished AAJ
I, [2013-10-27T16:27:03.087865 #30178]  INFO -- : finished AAK
I, [2013-10-27T16:27:08.075487 #30178]  INFO -- : finished AAL
I, [2013-10-27T16:27:10.788494 #30178]  INFO -- : finished AAM
I, [2013-10-27T16:27:13.627710 #30178]  INFO -- : finished AAN
I, [2013-10-27T16:27:16.449714 #30178]  INFO -- : finished AAO
I, [2013-10-27T16:27:19.038638 #30178]  INFO -- : finished AAP
I, [2013-10-27T16:27:21.990621 #30178]  INFO -- : finished AAQ
I, [2013-10-27T16:27:24.556012 #30178]  INFO -- : finished AAR
I, [2013-10-27T16:27:29.195165 #30178]  INFO -- : finished AAS
I, [2013-10-27T16:27:31.978404 #30178]  INFO -- : finished AAT
I, [2013-10-27T16:27:34.485523 #30178]  INFO -- : finished AAU
I, [2013-10-27T16:27:36.965299 #30178]  INFO -- : finished AAV
I, [2013-10-27T16:27:39.892489 #30178]  INFO -- : finished AAW
I, [2013-10-27T16:27:42.538594 #30178]  INFO -- : finished AAX
I, [2013-10-27T16:27:45.199026 #30178]  INFO -- : finished AAY
I, [2013-10-27T16:27:48.007875 #30178]  INFO -- : finished AAZ
I, [2013-10-27T16:27:52.522679 #30178]  INFO -- : finished ABA
I, [2013-10-27T16:27:55.319202 #30178]  INFO -- : finished ABB
I, [2013-10-27T16:27:58.175069 #30178]  INFO -- : finished ABC
I, [2013-10-27T16:28:00.720149 #30178]  INFO -- : finished ABD
I, [2013-10-27T16:28:03.538687 #30178]  INFO -- : finished ABE
I, [2013-10-27T16:28:06.229074 #30178]  INFO -- : finished ABF
I, [2013-10-27T16:28:09.121706 #30178]  INFO -- : finished ABG
I, [2013-10-27T16:28:11.924461 #30178]  INFO -- : finished ABH
I, [2013-10-27T16:28:14.379472 #30178]  INFO -- : finished ABI
I, [2013-10-27T16:28:17.004088 #30178]  INFO -- : finished ABJ
I, [2013-10-27T16:28:19.993585 #30178]  INFO -- : finished ABK
I, [2013-10-27T16:28:22.686122 #30178]  INFO -- : finished ABL
I, [2013-10-27T16:28:25.206895 #30178]  INFO -- : finished ABM
I, [2013-10-27T16:28:28.002723 #30178]  INFO -- : finished ABN
I, [2013-10-27T16:28:30.766528 #30178]  INFO -- : finished ABO
I, [2013-10-27T16:28:33.200608 #30178]  INFO -- : finished ABP
I, [2013-10-27T16:28:35.648722 #30178]  INFO -- : finished ABQ
I, [2013-10-27T16:28:38.343578 #30178]  INFO -- : finished ABR
I, [2013-10-27T16:28:49.866702 #30178]  INFO -- : finished ABS
I, [2013-10-27T16:28:52.665656 #30178]  INFO -- : finished ABT
I, [2013-10-27T16:29:02.927580 #30178]  INFO -- : finished ABU
I, [2013-10-27T16:29:05.434844 #30178]  INFO -- : finished ABV
I, [2013-10-27T16:29:07.977463 #30178]  INFO -- : finished ABW
I, [2013-10-27T16:29:20.098618 #30178]  INFO -- : finished ABX
I, [2013-10-27T16:29:24.475103 #30178]  INFO -- : finished ABY
I, [2013-10-27T16:29:27.027416 #30178]  INFO -- : finished ABZ
I, [2013-10-27T16:29:37.572607 #30178]  INFO -- : finished ACA
I, [2013-10-27T16:29:40.162330 #30178]  INFO -- : finished ACB
I, [2013-10-27T16:29:42.961641 #30178]  INFO -- : finished ACC
I, [2013-10-27T16:29:54.313771 #30178]  INFO -- : finished ACD
I, [2013-10-27T16:29:58.643092 #30178]  INFO -- : finished ACE
I, [2013-10-27T16:30:07.616258 #30178]  INFO -- : finished ACF
I, [2013-10-27T16:30:10.396131 #30178]  INFO -- : finished ACG
I, [2013-10-27T16:30:13.375103 #30178]  INFO -- : finished ACH
I, [2013-10-27T16:30:26.031184 #30178]  INFO -- : finished ACI
I, [2013-10-27T16:30:28.834449 #30178]  INFO -- : finished ACJ
I, [2013-10-27T16:30:31.546450 #30178]  INFO -- : finished ACK
I, [2013-10-27T16:30:34.410873 #30178]  INFO -- : finished ACL
I, [2013-10-27T16:30:36.926771 #30178]  INFO -- : finished ACM
I, [2013-10-27T16:30:39.610992 #30178]  INFO -- : finished ACN
I, [2013-10-27T16:30:44.046879 #30178]  INFO -- : finished ACO
I, [2013-10-27T16:30:46.746974 #30178]  INFO -- : finished ACP
I, [2013-10-27T16:30:49.608324 #30178]  INFO -- : finished ACQ
I, [2013-10-27T16:30:52.167254 #30178]  INFO -- : finished ACR
I, [2013-10-27T16:30:54.675978 #30178]  INFO -- : finished ACS
I, [2013-10-27T16:30:59.254671 #30178]  INFO -- : finished ACT
I, [2013-10-27T16:31:01.925014 #30178]  INFO -- : finished ACU
I, [2013-10-27T16:31:04.743018 #30178]  INFO -- : finished ACV
I, [2013-10-27T16:31:07.507831 #30178]  INFO -- : finished ACW
I, [2013-10-27T16:31:09.906087 #30178]  INFO -- : finished ACX
I, [2013-10-27T16:31:12.514268 #30178]  INFO -- : finished ACY
I, [2013-10-27T16:31:15.449231 #30178]  INFO -- : finished ACZ
I, [2013-10-27T16:31:17.905744 #30178]  INFO -- : finished ADA
I, [2013-10-27T16:31:20.819517 #30178]  INFO -- : finished ADB
I, [2013-10-27T16:31:23.566214 #30178]  INFO -- : finished ADC
I, [2013-10-27T16:31:30.320689 #30178]  INFO -- : finished ADD
I, [2013-10-27T16:31:33.107718 #30178]  INFO -- : finished ADE
I, [2013-10-27T16:31:35.873191 #30178]  INFO -- : finished ADF
I, [2013-10-27T16:31:46.439947 #30178]  INFO -- : finished ADG
I, [2013-10-27T16:31:49.034903 #30178]  INFO -- : finished ADH
I, [2013-10-27T16:31:51.794225 #30178]  INFO -- : finished ADI
I, [2013-10-27T16:32:02.008846 #30178]  INFO -- : finished ADJ
I, [2013-10-27T16:32:04.616529 #30178]  INFO -- : finished ADK
I, [2013-10-27T16:32:07.268479 #30178]  INFO -- : finished ADL
I, [2013-10-27T16:32:15.086645 #30178]  INFO -- : finished ADM
I, [2013-10-27T16:32:31.262786 #30178]  INFO -- : finished ADN
I, [2013-10-27T16:32:35.639471 #30178]  INFO -- : finished ADO
I, [2013-10-27T16:32:38.289433 #30178]  INFO -- : finished ADP
I, [2013-10-27T16:32:49.905274 #30178]  INFO -- : finished ADQ
I, [2013-10-27T16:32:52.467610 #30178]  INFO -- : finished ADR
I, [2013-10-27T16:32:56.953571 #30178]  INFO -- : finished ADS
I, [2013-10-27T16:33:03.740757 #30178]  INFO -- : finished ADT
I, [2013-10-27T16:33:06.439876 #30178]  INFO -- : finished ADU
I, [2013-10-27T16:33:09.174669 #30178]  INFO -- : finished ADV
I, [2013-10-27T16:33:19.240286 #30178]  INFO -- : finished ADW
I, [2013-10-27T16:33:22.171784 #30178]  INFO -- : finished ADX
I, [2013-10-27T16:33:24.791210 #30178]  INFO -- : finished ADY
I, [2013-10-27T16:33:29.130451 #30178]  INFO -- : finished ADZ
I, [2013-10-27T16:33:31.664712 #30178]  INFO -- : finished AEA
I, [2013-10-27T16:33:34.264340 #30178]  INFO -- : finished AEB
I, [2013-10-27T16:33:37.073134 #30178]  INFO -- : finished AEC
I, [2013-10-27T16:33:40.282671 #30178]  INFO -- : finished AED
I, [2013-10-27T16:33:42.889429 #30178]  INFO -- : finished AEE
I, [2013-10-27T16:33:45.419980 #30178]  INFO -- : finished AEF
I, [2013-10-27T16:33:48.324776 #30178]  INFO -- : finished AEG
I, [2013-10-27T16:33:50.994349 #30178]  INFO -- : finished AEH
I, [2013-10-27T16:33:53.599844 #30178]  INFO -- : finished AEI
I, [2013-10-27T16:33:56.311858 #30178]  INFO -- : finished AEJ
I, [2013-10-27T16:33:58.949792 #30178]  INFO -- : finished AEK
I, [2013-10-27T16:34:01.650004 #30178]  INFO -- : finished AEL
I, [2013-10-27T16:34:04.283202 #30178]  INFO -- : finished AEM
I, [2013-10-27T16:34:06.866121 #30178]  INFO -- : finished AEN
I, [2013-10-27T16:34:09.199905 #30178]  INFO -- : finished AEO
I, [2013-10-27T16:34:11.926491 #30178]  INFO -- : finished AEP
I, [2013-10-27T16:34:15.134259 #30178]  INFO -- : finished AEQ
I, [2013-10-27T16:34:18.225917 #30178]  INFO -- : finished AER
I, [2013-10-27T16:34:20.767498 #30178]  INFO -- : finished AES
I, [2013-10-27T16:34:23.620616 #30178]  INFO -- : finished AET
I, [2013-10-27T16:34:26.545701 #30178]  INFO -- : finished AEU
I, [2013-10-27T16:34:29.314101 #30178]  INFO -- : finished AEV
I, [2013-10-27T16:34:32.291342 #30178]  INFO -- : finished AEW
I, [2013-10-27T16:34:34.870285 #30178]  INFO -- : finished AEX
I, [2013-10-27T16:34:37.641535 #30178]  INFO -- : finished AEY
I, [2013-10-27T16:34:40.312378 #30178]  INFO -- : finished AEZ
I, [2013-10-27T16:34:42.803407 #30178]  INFO -- : finished AFA
I, [2013-10-27T16:34:45.434723 #30178]  INFO -- : finished AFB
I, [2013-10-27T16:34:48.259015 #30178]  INFO -- : finished AFC
I, [2013-10-27T16:34:51.147898 #30178]  INFO -- : finished AFD
I, [2013-10-27T16:34:53.586962 #30178]  INFO -- : finished AFE
I, [2013-10-27T16:34:57.995641 #30178]  INFO -- : finished AFF
I, [2013-10-27T16:35:00.587739 #30178]  INFO -- : finished AFG
I, [2013-10-27T16:35:02.961897 #30178]  INFO -- : finished AFH
I, [2013-10-27T16:35:05.440632 #30178]  INFO -- : finished AFI
I, [2013-10-27T16:35:08.535163 #30178]  INFO -- : finished AFJ
I, [2013-10-27T16:35:10.966160 #30178]  INFO -- : finished AFK
I, [2013-10-27T16:35:13.330824 #30178]  INFO -- : finished AFL
I, [2013-10-27T16:35:16.240173 #30178]  INFO -- : finished AFM
I, [2013-10-27T16:35:18.902653 #30178]  INFO -- : finished AFN
I, [2013-10-27T16:35:21.230963 #30178]  INFO -- : finished AFO
I, [2013-10-27T16:35:23.806954 #30178]  INFO -- : finished AFP
I, [2013-10-27T16:35:26.421407 #30178]  INFO -- : finished AFQ
I, [2013-10-27T16:35:28.920285 #30178]  INFO -- : finished AFR
I, [2013-10-27T16:35:31.282817 #30178]  INFO -- : finished AFS
I, [2013-10-27T16:35:35.542568 #30178]  INFO -- : finished AFT
I, [2013-10-27T16:35:38.082708 #30178]  INFO -- : finished AFU
I, [2013-10-27T16:35:40.391427 #30178]  INFO -- : finished AFV
I, [2013-10-27T16:35:43.094147 #30178]  INFO -- : finished AFW
I, [2013-10-27T16:35:45.683459 #30178]  INFO -- : finished AFX
I, [2013-10-27T16:35:48.358833 #30178]  INFO -- : finished AFY
I, [2013-10-27T16:35:50.709346 #30178]  INFO -- : finished AFZ
I, [2013-10-27T16:35:55.184019 #30178]  INFO -- : finished AGA
I, [2013-10-27T16:35:58.001863 #30178]  INFO -- : finished AGB
I, [2013-10-27T16:36:02.547831 #30178]  INFO -- : finished AGC
I, [2013-10-27T16:36:05.135646 #30178]  INFO -- : finished AGD
I, [2013-10-27T16:36:09.607211 #30178]  INFO -- : finished AGE
I, [2013-10-27T16:36:12.204996 #30178]  INFO -- : finished AGF
I, [2013-10-27T16:36:14.627642 #30178]  INFO -- : finished AGG
I, [2013-10-27T16:36:17.339971 #30178]  INFO -- : finished AGH
I, [2013-10-27T16:36:19.664623 #30178]  INFO -- : finished AGI
I, [2013-10-27T16:36:22.720828 #30178]  INFO -- : finished AGJ
I, [2013-10-27T16:36:25.897760 #30178]  INFO -- : finished AGK
I, [2013-10-27T16:36:28.255080 #30178]  INFO -- : finished AGL
I, [2013-10-27T16:36:30.815675 #30178]  INFO -- : finished AGM
I, [2013-10-27T16:36:33.664370 #30178]  INFO -- : finished AGN
I, [2013-10-27T16:36:38.234715 #30178]  INFO -- : finished AGO
I, [2013-10-27T16:36:41.069942 #30178]  INFO -- : finished AGP
I, [2013-10-27T16:36:43.549994 #30178]  INFO -- : finished AGQ
I, [2013-10-27T16:36:45.903179 #30178]  INFO -- : finished AGR
I, [2013-10-27T16:36:50.509926 #30178]  INFO -- : finished AGS
I, [2013-10-27T16:36:52.937541 #30178]  INFO -- : finished AGT
I, [2013-10-27T16:36:55.524370 #30178]  INFO -- : finished AGU
I, [2013-10-27T16:36:58.161145 #30178]  INFO -- : finished AGV
I, [2013-10-27T16:37:00.623273 #30178]  INFO -- : finished AGW
I, [2013-10-27T16:37:03.064049 #30178]  INFO -- : finished AGX
I, [2013-10-27T16:37:05.639661 #30178]  INFO -- : finished AGY
I, [2013-10-27T16:37:08.190307 #30178]  INFO -- : finished AGZ
I, [2013-10-27T16:37:12.858010 #30178]  INFO -- : finished AHA
I, [2013-10-27T16:37:15.437832 #30178]  INFO -- : finished AHB
I, [2013-10-27T16:37:17.883584 #30178]  INFO -- : finished AHC
I, [2013-10-27T16:37:20.869841 #30178]  INFO -- : finished AHD
I, [2013-10-27T16:37:23.942630 #30178]  INFO -- : finished AHE
I, [2013-10-27T16:37:26.434969 #30178]  INFO -- : finished AHF
I, [2013-10-27T16:37:28.917661 #30178]  INFO -- : finished AHG
I, [2013-10-27T16:37:32.039085 #30178]  INFO -- : finished AHH
I, [2013-10-27T16:37:36.772037 #30178]  INFO -- : finished AHI
I, [2013-10-27T16:37:39.648494 #30178]  INFO -- : finished AHJ
I, [2013-10-27T16:37:42.311965 #30178]  INFO -- : finished AHK
I, [2013-10-27T16:37:44.702939 #30178]  INFO -- : finished AHL
I, [2013-10-27T16:37:47.529722 #30178]  INFO -- : finished AHM
I, [2013-10-27T16:37:50.163587 #30178]  INFO -- : finished AHN
I, [2013-10-27T16:37:52.833261 #30178]  INFO -- : finished AHO
I, [2013-10-27T16:37:56.637779 #30178]  INFO -- : finished AHP
I, [2013-10-27T16:37:59.903587 #30178]  INFO -- : finished AHQ
I, [2013-10-27T16:38:02.375770 #30178]  INFO -- : finished AHR
I, [2013-10-27T16:38:05.361981 #30178]  INFO -- : finished AHS
I, [2013-10-27T16:38:08.048215 #30178]  INFO -- : finished AHT
I, [2013-10-27T16:38:10.705908 #30178]  INFO -- : finished AHU
I, [2013-10-27T16:38:22.285092 #30178]  INFO -- : finished AHV
I, [2013-10-27T16:38:24.875294 #30178]  INFO -- : finished AHW
I, [2013-10-27T16:38:27.206600 #30178]  INFO -- : finished AHX
I, [2013-10-27T16:38:29.884753 #30178]  INFO -- : finished AHY
I, [2013-10-27T16:38:32.547576 #30178]  INFO -- : finished AHZ
I, [2013-10-27T16:38:34.959967 #30178]  INFO -- : finished AIA
I, [2013-10-27T16:38:42.106073 #30178]  INFO -- : finished AIB
I, [2013-10-27T16:38:44.410540 #30178]  INFO -- : finished AIC
I, [2013-10-27T16:38:49.260210 #30178]  INFO -- : finished AID
I, [2013-10-27T16:38:51.703919 #30178]  INFO -- : finished AIE
I, [2013-10-27T16:39:00.847808 #30178]  INFO -- : finished AIF
I, [2013-10-27T16:39:03.213305 #30178]  INFO -- : finished AIG
I, [2013-10-27T16:39:37.578146 #30178]  INFO -- : finished AIH
I, [2013-10-27T16:39:40.059779 #30178]  INFO -- : finished AII
I, [2013-10-27T16:39:42.560737 #30178]  INFO -- : finished AIJ
I, [2013-10-27T16:39:45.201506 #30178]  INFO -- : finished AIK
I, [2013-10-27T16:39:49.745054 #30178]  INFO -- : finished AIL
I, [2013-10-27T16:40:12.158674 #30178]  INFO -- : finished AIM
I, [2013-10-27T16:40:16.629438 #30178]  INFO -- : finished AIN
I, [2013-10-27T16:40:18.994971 #30178]  INFO -- : finished AIO
I, [2013-10-27T16:40:21.578248 #30178]  INFO -- : finished AIP
I, [2013-10-27T16:40:24.089188 #30178]  INFO -- : finished AIQ
I, [2013-10-27T16:40:28.661156 #30178]  INFO -- : finished AIR
I, [2013-10-27T16:40:33.282426 #30178]  INFO -- : finished AIS
I, [2013-10-27T16:40:37.959287 #30178]  INFO -- : finished AIT
I, [2013-10-27T16:40:42.208802 #30178]  INFO -- : finished AIU
I, [2013-10-27T16:40:44.806032 #30178]  INFO -- : finished AIV
I, [2013-10-27T16:40:47.617884 #30178]  INFO -- : finished AIW
I, [2013-10-27T16:40:49.960519 #30178]  INFO -- : finished AIX
I, [2013-10-27T16:40:52.443850 #30178]  INFO -- : finished AIY
I, [2013-10-27T16:40:55.104818 #30178]  INFO -- : finished AIZ
I, [2013-10-27T16:40:57.671579 #30178]  INFO -- : finished AJA
I, [2013-10-27T16:41:10.351464 #30178]  INFO -- : finished AJB
I, [2013-10-27T16:41:13.771135 #30178]  INFO -- : finished AJC
I, [2013-10-27T16:41:16.401207 #30178]  INFO -- : finished AJD
I, [2013-10-27T16:41:18.962698 #30178]  INFO -- : finished AJE
I, [2013-10-27T16:41:22.538745 #30178]  INFO -- : finished AJF
I, [2013-10-27T16:41:25.621541 #30178]  INFO -- : finished AJG
I, [2013-10-27T16:41:29.163509 #30178]  INFO -- : finished AJH
I, [2013-10-27T16:41:40.494260 #30178]  INFO -- : finished AJI
I, [2013-10-27T16:41:43.263364 #30178]  INFO -- : finished AJJ
I, [2013-10-27T16:41:46.357938 #30178]  INFO -- : finished AJK
I, [2013-10-27T16:41:49.114050 #30178]  INFO -- : finished AJL
I, [2013-10-27T16:41:59.235912 #30178]  INFO -- : finished AJM
I, [2013-10-27T16:42:01.927594 #30178]  INFO -- : finished AJN
I, [2013-10-27T16:42:04.476547 #30178]  INFO -- : finished AJO
I, [2013-10-27T16:42:16.209786 #30178]  INFO -- : finished AJP
I, [2013-10-27T16:42:18.796865 #30178]  INFO -- : finished AJQ
I, [2013-10-27T16:42:21.511973 #30178]  INFO -- : finished AJR
I, [2013-10-27T16:42:24.316100 #30178]  INFO -- : finished AJS
I, [2013-10-27T16:42:36.785153 #30178]  INFO -- : finished AJT
I, [2013-10-27T16:42:53.809997 #30178]  INFO -- : finished AJU
I, [2013-10-27T16:42:56.281975 #30178]  INFO -- : finished AJV
I, [2013-10-27T16:43:07.227446 #30178]  INFO -- : finished AJW
I, [2013-10-27T16:43:09.882623 #30178]  INFO -- : finished AJX
I, [2013-10-27T16:43:20.654322 #30178]  INFO -- : finished AJY
I, [2013-10-27T16:43:36.993674 #30178]  INFO -- : finished AJZ
I, [2013-10-27T16:43:39.971113 #30178]  INFO -- : finished AKA
I, [2013-10-27T16:43:51.015454 #30178]  INFO -- : finished AKB
I, [2013-10-27T16:43:53.911271 #30178]  INFO -- : finished AKC
I, [2013-10-27T16:43:56.808603 #30178]  INFO -- : finished AKD
I, [2013-10-27T16:43:59.598466 #30178]  INFO -- : finished AKE
I, [2013-10-27T16:44:02.168499 #30178]  INFO -- : finished AKF
I, [2013-10-27T16:44:12.993138 #30178]  INFO -- : finished AKG
I, [2013-10-27T16:44:15.843620 #30178]  INFO -- : finished AKH
I, [2013-10-27T16:44:18.674567 #30178]  INFO -- : finished AKI
I, [2013-10-27T16:44:21.585717 #30178]  INFO -- : finished AKJ
I, [2013-10-27T16:44:24.229750 #30178]  INFO -- : finished AKK
I, [2013-10-27T16:44:26.674349 #30178]  INFO -- : finished AKL
I, [2013-10-27T16:44:29.699245 #30178]  INFO -- : finished AKM
I, [2013-10-27T16:44:32.148567 #30178]  INFO -- : finished AKN
I, [2013-10-27T16:44:34.982441 #30178]  INFO -- : finished AKO
I, [2013-10-27T16:44:37.489873 #30178]  INFO -- : finished AKP
I, [2013-10-27T16:44:39.866660 #30178]  INFO -- : finished AKQ
I, [2013-10-27T16:44:42.320135 #30178]  INFO -- : finished AKR
I, [2013-10-27T16:44:45.017615 #30178]  INFO -- : finished AKS
I, [2013-10-27T16:44:47.743746 #30178]  INFO -- : finished AKT
I, [2013-10-27T16:44:50.222760 #30178]  INFO -- : finished AKU
I, [2013-10-27T16:44:53.023216 #30178]  INFO -- : finished AKV
I, [2013-10-27T16:44:55.605975 #30178]  INFO -- : finished AKW
I, [2013-10-27T16:44:57.997553 #30178]  INFO -- : finished AKX
I, [2013-10-27T16:45:24.080216 #30178]  INFO -- : finished AKY
I, [2013-10-27T16:45:26.512066 #30178]  INFO -- : finished AKZ
I, [2013-10-27T16:45:31.314553 #30178]  INFO -- : finished ALA
I, [2013-10-27T16:45:44.392449 #30178]  INFO -- : finished ALB
I, [2013-10-27T16:45:46.910796 #30178]  INFO -- : finished ALC
I, [2013-10-27T16:45:56.153495 #30178]  INFO -- : finished ALD
I, [2013-10-27T16:46:00.648054 #30178]  INFO -- : finished ALE
I, [2013-10-27T16:46:11.800291 #30178]  INFO -- : finished ALF
I, [2013-10-27T16:46:14.231628 #30178]  INFO -- : finished ALG
I, [2013-10-27T16:46:25.782460 #30178]  INFO -- : finished ALH
I, [2013-10-27T16:46:28.371750 #30178]  INFO -- : finished ALI
I, [2013-10-27T16:46:40.911878 #30178]  INFO -- : finished ALJ
I, [2013-10-27T16:46:43.262816 #30178]  INFO -- : finished ALK
I, [2013-10-27T16:46:47.795136 #30178]  INFO -- : finished ALL
I, [2013-10-27T16:46:58.061283 #30178]  INFO -- : finished ALM
I, [2013-10-27T16:47:00.696420 #30178]  INFO -- : finished ALN
I, [2013-10-27T16:47:11.518885 #30178]  INFO -- : finished ALO
I, [2013-10-27T16:47:15.955288 #30178]  INFO -- : finished ALP
I, [2013-10-27T16:47:24.213350 #30178]  INFO -- : finished ALQ
I, [2013-10-27T16:47:26.941450 #30178]  INFO -- : finished ALR
I, [2013-10-27T16:47:31.221831 #30178]  INFO -- : finished ALS
I, [2013-10-27T16:47:36.006778 #30178]  INFO -- : finished ALT
I, [2013-10-27T16:47:38.628958 #30178]  INFO -- : finished ALU
I, [2013-10-27T16:47:41.167653 #30178]  INFO -- : finished ALV
I, [2013-10-27T16:47:43.995885 #30178]  INFO -- : finished ALW
I, [2013-10-27T16:47:46.771697 #30178]  INFO -- : finished ALX
I, [2013-10-27T16:47:49.270667 #30178]  INFO -- : finished ALY
I, [2013-10-27T16:47:52.089526 #30178]  INFO -- : finished ALZ
I, [2013-10-27T16:47:56.815568 #30178]  INFO -- : finished AMA
I, [2013-10-27T16:47:59.258470 #30178]  INFO -- : finished AMB
I, [2013-10-27T16:48:01.844319 #30178]  INFO -- : finished AMC
I, [2013-10-27T16:48:04.523607 #30178]  INFO -- : finished AMD
I, [2013-10-27T16:48:06.963870 #30178]  INFO -- : finished AME
I, [2013-10-27T16:48:10.117952 #30178]  INFO -- : finished AMF
I, [2013-10-27T16:48:12.639004 #30178]  INFO -- : finished AMG
I, [2013-10-27T16:48:15.373801 #30178]  INFO -- : finished AMH
I, [2013-10-27T16:48:19.944911 #30178]  INFO -- : finished AMI
I, [2013-10-27T16:48:22.548145 #30178]  INFO -- : finished AMJ
I, [2013-10-27T16:48:25.555129 #30178]  INFO -- : finished AMK
I, [2013-10-27T16:48:27.968831 #30178]  INFO -- : finished AML
I, [2013-10-27T16:48:30.446115 #30178]  INFO -- : finished AMM
I, [2013-10-27T16:48:33.403344 #30178]  INFO -- : finished AMN
I, [2013-10-27T16:48:35.808914 #30178]  INFO -- : finished AMO
I, [2013-10-27T16:48:40.661838 #30178]  INFO -- : finished AMP
I, [2013-10-27T16:48:45.491566 #30178]  INFO -- : finished AMQ
I, [2013-10-27T16:48:48.329051 #30178]  INFO -- : finished AMR
I, [2013-10-27T16:48:51.170763 #30178]  INFO -- : finished AMS
I, [2013-10-27T16:48:53.918188 #30178]  INFO -- : finished AMT
I, [2013-10-27T16:49:01.340293 #30178]  INFO -- : finished AMU
I, [2013-10-27T16:49:03.981243 #30178]  INFO -- : finished AMV
I, [2013-10-27T16:49:06.448616 #30178]  INFO -- : finished AMW
I, [2013-10-27T16:49:08.898886 #30178]  INFO -- : finished AMX
I, [2013-10-27T16:49:11.789001 #30178]  INFO -- : finished AMY
I, [2013-10-27T16:49:14.458998 #30178]  INFO -- : finished AMZ
I, [2013-10-27T16:49:18.907460 #30178]  INFO -- : finished ANA
I, [2013-10-27T16:49:21.627657 #30178]  INFO -- : finished ANB
I, [2013-10-27T16:49:24.411598 #30178]  INFO -- : finished ANC
I, [2013-10-27T16:49:28.909753 #30178]  INFO -- : finished AND
I, [2013-10-27T16:49:35.869138 #30178]  INFO -- : finished ANE
I, [2013-10-27T16:49:41.769161 #30178]  INFO -- : finished ANF
I, [2013-10-27T16:49:44.286633 #30178]  INFO -- : finished ANG
I, [2013-10-27T16:49:46.908417 #30178]  INFO -- : finished ANH
I, [2013-10-27T16:49:51.566977 #30178]  INFO -- : finished ANI
I, [2013-10-27T16:50:01.478035 #30178]  INFO -- : finished ANJ
I, [2013-10-27T16:50:19.829144 #30178]  INFO -- : finished ANK
I, [2013-10-27T16:50:22.333443 #30178]  INFO -- : finished ANL
I, [2013-10-27T16:50:24.950995 #30178]  INFO -- : finished ANM
I, [2013-10-27T16:50:36.905843 #30178]  INFO -- : finished ANN
I, [2013-10-27T16:50:57.994258 #30178]  INFO -- : finished ANO
I, [2013-10-27T16:51:00.304910 #30178]  INFO -- : finished ANP
I, [2013-10-27T16:51:02.705469 #30178]  INFO -- : finished ANQ
I, [2013-10-27T16:51:05.353828 #30178]  INFO -- : finished ANR
I, [2013-10-27T16:51:18.186699 #30178]  INFO -- : finished ANS
I, [2013-10-27T16:51:22.675649 #30178]  INFO -- : finished ANT
I, [2013-10-27T16:51:29.004043 #30178]  INFO -- : finished ANU
I, [2013-10-27T16:51:31.626739 #30178]  INFO -- : finished ANV
I, [2013-10-27T16:51:34.300040 #30178]  INFO -- : finished ANW
I, [2013-10-27T16:51:36.840702 #30178]  INFO -- : finished ANX
I, [2013-10-27T16:51:41.080839 #30178]  INFO -- : finished ANY
I, [2013-10-27T16:51:43.747318 #30178]  INFO -- : finished ANZ
I, [2013-10-27T16:51:46.275064 #30178]  INFO -- : finished AOA
I, [2013-10-27T16:51:59.996489 #30178]  INFO -- : finished AOB
I, [2013-10-27T16:52:02.869555 #30178]  INFO -- : finished AOC
I, [2013-10-27T16:52:05.461521 #30178]  INFO -- : finished AOD
I, [2013-10-27T16:52:08.013445 #30178]  INFO -- : finished AOE
I, [2013-10-27T16:52:11.029139 #30178]  INFO -- : finished AOF
I, [2013-10-27T16:52:13.455428 #30178]  INFO -- : finished AOG
I, [2013-10-27T16:52:15.955829 #30178]  INFO -- : finished AOH
I, [2013-10-27T16:52:18.753219 #30178]  INFO -- : finished AOI
I, [2013-10-27T16:52:21.230419 #30178]  INFO -- : finished AOJ
I, [2013-10-27T16:52:23.720653 #30178]  INFO -- : finished AOK
I, [2013-10-27T16:52:26.103952 #30178]  INFO -- : finished AOL
I, [2013-10-27T16:52:28.707762 #30178]  INFO -- : finished AOM
I, [2013-10-27T16:52:31.355825 #30178]  INFO -- : finished AON
I, [2013-10-27T16:52:33.899021 #30178]  INFO -- : finished AOO
I, [2013-10-27T16:52:36.660877 #30178]  INFO -- : finished AOP
I, [2013-10-27T16:52:39.199315 #30178]  INFO -- : finished AOQ
I, [2013-10-27T16:52:41.587212 #30178]  INFO -- : finished AOR
I, [2013-10-27T16:52:44.274639 #30178]  INFO -- : finished AOS
I, [2013-10-27T16:52:46.955854 #30178]  INFO -- : finished AOT
I, [2013-10-27T16:52:49.603517 #30178]  INFO -- : finished AOU
I, [2013-10-27T16:52:51.970310 #30178]  INFO -- : finished AOV
I, [2013-10-27T16:52:54.829744 #30178]  INFO -- : finished AOW
I, [2013-10-27T16:53:06.079779 #30178]  INFO -- : finished AOX
I, [2013-10-27T16:53:08.609931 #30178]  INFO -- : finished AOY
I, [2013-10-27T16:53:11.217649 #30178]  INFO -- : finished AOZ
I, [2013-10-27T16:53:13.577206 #30178]  INFO -- : finished APA
I, [2013-10-27T16:53:16.013468 #30178]  INFO -- : finished APB
I, [2013-10-27T16:53:18.824025 #30178]  INFO -- : finished APC
I, [2013-10-27T16:53:21.278845 #30178]  INFO -- : finished APD
I, [2013-10-27T16:53:26.019199 #30178]  INFO -- : finished APE
I, [2013-10-27T16:53:28.618990 #30178]  INFO -- : finished APF
I, [2013-10-27T16:53:30.981265 #30178]  INFO -- : finished APG
I, [2013-10-27T16:53:33.363396 #30178]  INFO -- : finished APH
I, [2013-10-27T16:53:36.030111 #30178]  INFO -- : finished API
I, [2013-10-27T16:53:46.292883 #30178]  INFO -- : finished APJ
I, [2013-10-27T16:53:48.726861 #30178]  INFO -- : finished APK
I, [2013-10-27T16:53:51.392281 #30178]  INFO -- : finished APL
I, [2013-10-27T16:53:54.090251 #30178]  INFO -- : finished APM
I, [2013-10-27T16:53:56.667902 #30178]  INFO -- : finished APN
I, [2013-10-27T16:54:01.467519 #30178]  INFO -- : finished APO
I, [2013-10-27T16:54:11.322092 #30178]  INFO -- : finished APP
I, [2013-10-27T16:54:14.023804 #30178]  INFO -- : finished APQ
I, [2013-10-27T16:54:16.586588 #30178]  INFO -- : finished APR
I, [2013-10-27T16:54:30.155149 #30178]  INFO -- : finished APS
I, [2013-10-27T16:54:44.855000 #30178]  INFO -- : finished APT
I, [2013-10-27T16:54:47.372115 #30178]  INFO -- : finished APU
I, [2013-10-27T16:54:50.386396 #30178]  INFO -- : finished APV
I, [2013-10-27T16:54:53.357985 #30178]  INFO -- : finished APW
I, [2013-10-27T16:55:11.289964 #30178]  INFO -- : finished APX
I, [2013-10-27T16:55:13.666876 #30178]  INFO -- : finished APY
I, [2013-10-27T16:55:16.245752 #30178]  INFO -- : finished APZ
I, [2013-10-27T16:55:19.174020 #30178]  INFO -- : finished AQA
I, [2013-10-27T16:55:21.855811 #30178]  INFO -- : finished AQB
I, [2013-10-27T16:55:27.301189 #30178]  INFO -- : finished AQC
I, [2013-10-27T16:55:30.090118 #30178]  INFO -- : finished AQD
I, [2013-10-27T16:55:32.687897 #30178]  INFO -- : finished AQE
I, [2013-10-27T16:55:44.476623 #30178]  INFO -- : finished AQF
I, [2013-10-27T16:56:01.001215 #30178]  INFO -- : finished AQG
I, [2013-10-27T16:56:03.419935 #30178]  INFO -- : finished AQH
I, [2013-10-27T16:56:05.904668 #30178]  INFO -- : finished AQI
I, [2013-10-27T16:56:08.138464 #30178]  INFO -- : finished AQJ
I, [2013-10-27T16:56:10.446800 #30178]  INFO -- : finished AQK
I, [2013-10-27T16:56:13.050873 #30178]  INFO -- : finished AQL
I, [2013-10-27T16:56:15.426873 #30178]  INFO -- : finished AQM
I, [2013-10-27T16:56:17.712937 #30178]  INFO -- : finished AQN
I, [2013-10-27T16:56:20.299984 #30178]  INFO -- : finished AQO
I, [2013-10-27T16:56:22.618079 #30178]  INFO -- : finished AQP
I, [2013-10-27T16:56:26.059949 #30178]  INFO -- : finished AQQ
I, [2013-10-27T16:56:28.584164 #30178]  INFO -- : finished AQR
I, [2013-10-27T16:56:30.895461 #30178]  INFO -- : finished AQS
I, [2013-10-27T16:56:33.379872 #30178]  INFO -- : finished AQT
I, [2013-10-27T16:56:35.666669 #30178]  INFO -- : finished AQU
I, [2013-10-27T16:56:38.321907 #30178]  INFO -- : finished AQV
I, [2013-10-27T16:56:40.613885 #30178]  INFO -- : finished AQW
I, [2013-10-27T16:56:42.934953 #30178]  INFO -- : finished AQX
I, [2013-10-27T16:56:45.689171 #30178]  INFO -- : finished AQY
I, [2013-10-27T16:56:47.964868 #30178]  INFO -- : finished AQZ
I, [2013-10-27T16:56:50.260618 #30178]  INFO -- : finished ARA
I, [2013-10-27T16:56:54.492224 #30178]  INFO -- : finished ARB
I, [2013-10-27T16:56:59.021455 #30178]  INFO -- : finished ARC
I, [2013-10-27T16:57:01.619702 #30178]  INFO -- : finished ARD
I, [2013-10-27T17:09:02.157068 #30178]  INFO -- : finished ARE
I, [2013-10-27T17:09:24.760972 #30178]  INFO -- : finished ARF
I, [2013-10-27T17:09:27.550559 #30178]  INFO -- : finished ARG
I, [2013-10-27T17:09:30.372507 #30178]  INFO -- : finished ARH
I, [2013-10-27T17:09:33.184158 #30178]  INFO -- : finished ARI
I, [2013-10-27T17:09:35.655766 #30178]  INFO -- : finished ARJ
I, [2013-10-27T17:09:40.952750 #30178]  INFO -- : finished ARK
I, [2013-10-27T17:09:43.571735 #30178]  INFO -- : finished ARL
I, [2013-10-27T17:09:48.380657 #30178]  INFO -- : finished ARM
I, [2013-10-27T17:09:51.253663 #30178]  INFO -- : finished ARN
I, [2013-10-27T17:09:53.826537 #30178]  INFO -- : finished ARO
I, [2013-10-27T17:09:56.798338 #30178]  INFO -- : finished ARP
I, [2013-10-27T17:09:59.892464 #30178]  INFO -- : finished ARQ
I, [2013-10-27T17:10:03.003145 #30178]  INFO -- : finished ARR
I, [2013-10-27T17:10:08.088144 #30178]  INFO -- : finished ARS
I, [2013-10-27T17:10:13.098810 #30178]  INFO -- : finished ART
I, [2013-10-27T17:10:16.769073 #30178]  INFO -- : finished ARU
I, [2013-10-27T17:10:20.102622 #30178]  INFO -- : finished ARV
I, [2013-10-27T17:10:23.119922 #30178]  INFO -- : finished ARW
I, [2013-10-27T17:10:25.955719 #30178]  INFO -- : finished ARX
I, [2013-10-27T17:10:36.709223 #30178]  INFO -- : finished ARY
I, [2013-10-27T17:10:39.256175 #30178]  INFO -- : finished ARZ
I, [2013-10-27T17:10:42.963438 #30178]  INFO -- : finished ASA
I, [2013-10-27T17:10:45.708568 #30178]  INFO -- : finished ASB
I, [2013-10-27T17:10:48.522588 #30178]  INFO -- : finished ASC
I, [2013-10-27T17:10:51.445314 #30178]  INFO -- : finished ASD
I, [2013-10-27T17:10:54.235859 #30178]  INFO -- : finished ASE
I, [2013-10-27T17:10:57.272924 #30178]  INFO -- : finished ASF
I, [2013-10-27T17:11:00.514578 #30178]  INFO -- : finished ASG
I, [2013-10-27T17:11:05.676671 #30178]  INFO -- : finished ASH
I, [2013-10-27T17:11:08.491959 #30178]  INFO -- : finished ASI
I, [2013-10-27T17:11:11.289737 #30178]  INFO -- : finished ASJ
I, [2013-10-27T17:11:16.301808 #30178]  INFO -- : finished ASK
I, [2013-10-27T17:11:19.115654 #30178]  INFO -- : finished ASL
I, [2013-10-27T17:11:22.359515 #30178]  INFO -- : finished ASM
I, [2013-10-27T17:11:24.850451 #30178]  INFO -- : finished ASN
I, [2013-10-27T17:11:27.508648 #30178]  INFO -- : finished ASO
I, [2013-10-27T17:11:32.263514 #30178]  INFO -- : finished ASP
I, [2013-10-27T17:11:34.895909 #30178]  INFO -- : finished ASQ
I, [2013-10-27T17:11:39.064655 #30178]  INFO -- : finished ASR
I, [2013-10-27T17:11:43.737966 #30178]  INFO -- : finished ASS
I, [2013-10-27T17:11:47.100134 #30178]  INFO -- : finished AST
I, [2013-10-27T17:11:49.602062 #30178]  INFO -- : finished ASU
I, [2013-10-27T17:11:52.117401 #30178]  INFO -- : finished ASV
I, [2013-10-27T17:11:55.044782 #30178]  INFO -- : finished ASW
I, [2013-10-27T17:11:57.707384 #30178]  INFO -- : finished ASX
I, [2013-10-27T17:12:00.140268 #30178]  INFO -- : finished ASY
I, [2013-10-27T17:12:05.182719 #30178]  INFO -- : finished ASZ
I, [2013-10-27T17:12:07.755019 #30178]  INFO -- : finished ATA
I, [2013-10-27T17:12:18.501617 #30178]  INFO -- : finished ATB
I, [2013-10-27T17:12:21.035567 #30178]  INFO -- : finished ATC
I, [2013-10-27T17:12:29.205129 #30178]  INFO -- : finished ATD
I, [2013-10-27T17:12:33.966359 #30178]  INFO -- : finished ATE
I, [2013-10-27T17:12:39.355503 #30178]  INFO -- : finished ATF
I, [2013-10-27T17:12:41.886936 #30178]  INFO -- : finished ATG
I, [2013-10-27T17:12:44.307637 #30178]  INFO -- : finished ATH
I, [2013-10-27T17:12:47.140491 #30178]  INFO -- : finished ATI
I, [2013-10-27T17:12:49.799595 #30178]  INFO -- : finished ATJ
I, [2013-10-27T17:12:52.297344 #30178]  INFO -- : finished ATK
I, [2013-10-27T17:12:54.721500 #30178]  INFO -- : finished ATL
I, [2013-10-27T17:13:21.643176 #30178]  INFO -- : finished ATM
I, [2013-10-27T17:13:24.223521 #30178]  INFO -- : finished ATN
I, [2013-10-27T17:13:35.872166 #30178]  INFO -- : finished ATO
I, [2013-10-27T17:13:50.704270 #30178]  INFO -- : finished ATP
I, [2013-10-27T17:13:53.279130 #30178]  INFO -- : finished ATQ
I, [2013-10-27T17:13:55.814369 #30178]  INFO -- : finished ATR
I, [2013-10-27T17:13:58.876421 #30178]  INFO -- : finished ATS
I, [2013-10-27T17:14:07.025003 #30178]  INFO -- : finished ATT
I, [2013-10-27T17:14:12.574195 #30178]  INFO -- : finished ATU
I, [2013-10-27T17:14:15.701829 #30178]  INFO -- : finished ATV
I, [2013-10-27T17:14:18.293978 #30178]  INFO -- : finished ATW
I, [2013-10-27T17:14:21.439199 #30178]  INFO -- : finished ATX
I, [2013-10-27T17:14:24.025862 #30178]  INFO -- : finished ATY
I, [2013-10-27T17:14:26.793768 #30178]  INFO -- : finished ATZ
I, [2013-10-27T17:14:29.405634 #30178]  INFO -- : finished AUA
I, [2013-10-27T17:14:32.325578 #30178]  INFO -- : finished AUB
I, [2013-10-27T17:14:40.341553 #30178]  INFO -- : finished AUC
I, [2013-10-27T17:14:42.955417 #30178]  INFO -- : finished AUD
I, [2013-10-27T17:14:45.487898 #30178]  INFO -- : finished AUE
I, [2013-10-27T17:14:48.448231 #30178]  INFO -- : finished AUF
I, [2013-10-27T17:14:51.078184 #30178]  INFO -- : finished AUG
I, [2013-10-27T17:14:53.557872 #30178]  INFO -- : finished AUH
I, [2013-10-27T17:14:56.518589 #30178]  INFO -- : finished AUI
I, [2013-10-27T17:14:59.177630 #30178]  INFO -- : finished AUJ
I, [2013-10-27T17:15:04.052520 #30178]  INFO -- : finished AUK
I, [2013-10-27T17:15:07.019356 #30178]  INFO -- : finished AUL
I, [2013-10-27T17:15:09.608981 #30178]  INFO -- : finished AUM
I, [2013-10-27T17:15:12.267275 #30178]  INFO -- : finished AUN
I, [2013-10-27T17:15:15.283008 #30178]  INFO -- : finished AUO
I, [2013-10-27T17:15:17.867509 #30178]  INFO -- : finished AUP
I, [2013-10-27T17:15:20.573691 #30178]  INFO -- : finished AUQ
I, [2013-10-27T17:15:23.584635 #30178]  INFO -- : finished AUR
I, [2013-10-27T17:15:26.446248 #30178]  INFO -- : finished AUS
I, [2013-10-27T17:15:29.579869 #30178]  INFO -- : finished AUT
I, [2013-10-27T17:15:32.277047 #30178]  INFO -- : finished AUU
I, [2013-10-27T17:15:34.756215 #30178]  INFO -- : finished AUV
I, [2013-10-27T17:15:37.410243 #30178]  INFO -- : finished AUW
I, [2013-10-27T17:15:40.201231 #30178]  INFO -- : finished AUX
I, [2013-10-27T17:15:42.977681 #30178]  INFO -- : finished AUY
I, [2013-10-27T17:15:45.500251 #30178]  INFO -- : finished AUZ
I, [2013-10-27T17:15:50.082969 #30178]  INFO -- : finished AVA
I, [2013-10-27T17:15:52.498067 #30178]  INFO -- : finished AVB
I, [2013-10-27T17:15:55.376969 #30178]  INFO -- : finished AVC
I, [2013-10-27T17:15:58.201411 #30178]  INFO -- : finished AVD
I, [2013-10-27T17:16:14.358171 #30178]  INFO -- : finished AVE
I, [2013-10-27T17:16:28.491075 #30178]  INFO -- : finished AVF
I, [2013-10-27T17:16:39.141262 #30178]  INFO -- : finished AVG
I, [2013-10-27T17:16:41.642906 #30178]  INFO -- : finished AVH
I, [2013-10-27T17:16:44.277275 #30178]  INFO -- : finished AVI
I, [2013-10-27T17:16:47.083333 #30178]  INFO -- : finished AVJ
I, [2013-10-27T17:16:49.960847 #30178]  INFO -- : finished AVK
I, [2013-10-27T17:16:52.593320 #30178]  INFO -- : finished AVL
I, [2013-10-27T17:16:55.241754 #30178]  INFO -- : finished AVM
I, [2013-10-27T17:16:58.190443 #30178]  INFO -- : finished AVN
I, [2013-10-27T17:17:02.949775 #30178]  INFO -- : finished AVO
I, [2013-10-27T17:17:27.614092 #30178]  INFO -- : finished AVP
I, [2013-10-27T17:17:42.264113 #30178]  INFO -- : finished AVQ
I, [2013-10-27T17:17:44.996178 #30178]  INFO -- : finished AVR
I, [2013-10-27T17:17:48.821138 #30178]  INFO -- : finished AVS
I, [2013-10-27T17:17:51.692930 #30178]  INFO -- : finished AVT
I, [2013-10-27T17:17:55.038218 #30178]  INFO -- : finished AVU
I, [2013-10-27T17:17:57.621228 #30178]  INFO -- : finished AVV
I, [2013-10-27T17:18:00.266580 #30178]  INFO -- : finished AVW
I, [2013-10-27T17:18:03.345246 #30178]  INFO -- : finished AVX
I, [2013-10-27T17:18:06.051610 #30178]  INFO -- : finished AVY
I, [2013-10-27T17:18:08.761795 #30178]  INFO -- : finished AVZ
I, [2013-10-27T17:18:13.693715 #30178]  INFO -- : finished AWA
I, [2013-10-27T17:18:16.228780 #30178]  INFO -- : finished AWB
I, [2013-10-27T17:18:19.362386 #30178]  INFO -- : finished AWC
I, [2013-10-27T17:18:21.894469 #30178]  INFO -- : finished AWD
I, [2013-10-27T17:18:26.439440 #30178]  INFO -- : finished AWE
I, [2013-10-27T17:18:28.973201 #30178]  INFO -- : finished AWF
I, [2013-10-27T17:18:31.535662 #30178]  INFO -- : finished AWG
I, [2013-10-27T17:18:34.405321 #30178]  INFO -- : finished AWH
I, [2013-10-27T17:18:37.776794 #30178]  INFO -- : finished AWI
I, [2013-10-27T17:18:40.483201 #30178]  INFO -- : finished AWJ
I, [2013-10-27T17:18:43.076805 #30178]  INFO -- : finished AWK
I, [2013-10-27T17:18:47.915956 #30178]  INFO -- : finished AWL
I, [2013-10-27T17:18:51.852722 #30178]  INFO -- : finished AWM
I, [2013-10-27T17:18:56.826456 #30178]  INFO -- : finished AWN
I, [2013-10-27T17:18:59.375747 #30178]  INFO -- : finished AWO
I, [2013-10-27T17:19:02.050526 #30178]  INFO -- : finished AWP
I, [2013-10-27T17:19:05.057590 #30178]  INFO -- : finished AWQ
I, [2013-10-27T17:19:07.701288 #30178]  INFO -- : finished AWR
I, [2013-10-27T17:19:10.326131 #30178]  INFO -- : finished AWS
I, [2013-10-27T17:19:13.404580 #30178]  INFO -- : finished AWT
I, [2013-10-27T17:19:16.040768 #30178]  INFO -- : finished AWU
I, [2013-10-27T17:19:18.690208 #30178]  INFO -- : finished AWV
I, [2013-10-27T17:19:21.785331 #30178]  INFO -- : finished AWW
I, [2013-10-27T17:19:24.499156 #30178]  INFO -- : finished AWX
I, [2013-10-27T17:19:27.187435 #30178]  INFO -- : finished AWY
I, [2013-10-27T17:19:30.209662 #30178]  INFO -- : finished AWZ
I, [2013-10-27T17:19:32.775946 #30178]  INFO -- : finished AXA
I, [2013-10-27T17:19:35.526911 #30178]  INFO -- : finished AXB
I, [2013-10-27T17:19:38.601130 #30178]  INFO -- : finished AXC
I, [2013-10-27T17:19:41.394729 #30178]  INFO -- : finished AXD
I, [2013-10-27T17:19:45.716187 #30178]  INFO -- : finished AXE
I, [2013-10-27T17:19:48.471158 #30178]  INFO -- : finished AXF
I, [2013-10-27T17:19:51.048934 #30178]  INFO -- : finished AXG
I, [2013-10-27T17:19:53.796354 #30178]  INFO -- : finished AXH
I, [2013-10-27T17:19:56.834301 #30178]  INFO -- : finished AXI
I, [2013-10-27T17:19:59.382122 #30178]  INFO -- : finished AXJ
I, [2013-10-27T17:20:01.918583 #30178]  INFO -- : finished AXK
I, [2013-10-27T17:20:04.558876 #30178]  INFO -- : finished AXL
I, [2013-10-27T17:20:12.685846 #30178]  INFO -- : finished AXM
I, [2013-10-27T17:20:15.154243 #30178]  INFO -- : finished AXN
I, [2013-10-27T17:20:17.845573 #30178]  INFO -- : finished AXO
I, [2013-10-27T17:20:20.903617 #30178]  INFO -- : finished AXP
I, [2013-10-27T17:20:23.403269 #30178]  INFO -- : finished AXQ
I, [2013-10-27T17:20:25.878418 #30178]  INFO -- : finished AXR
I, [2013-10-27T17:20:28.335825 #30178]  INFO -- : finished AXS
I, [2013-10-27T17:20:33.552490 #30178]  INFO -- : finished AXT
I, [2013-10-27T17:20:36.200733 #30178]  INFO -- : finished AXU
I, [2013-10-27T17:20:38.817494 #30178]  INFO -- : finished AXV
I, [2013-10-27T17:20:41.264625 #30178]  INFO -- : finished AXW
I, [2013-10-27T17:20:43.725298 #30178]  INFO -- : finished AXX
I, [2013-10-27T17:20:46.523243 #30178]  INFO -- : finished AXY
I, [2013-10-27T17:20:49.193424 #30178]  INFO -- : finished AXZ
I, [2013-10-27T17:20:51.685753 #30178]  INFO -- : finished AYA
I, [2013-10-27T17:20:58.730611 #30178]  INFO -- : finished AYB
I, [2013-10-27T17:21:01.461893 #30178]  INFO -- : finished AYC
I, [2013-10-27T17:21:04.053627 #30178]  INFO -- : finished AYD
I, [2013-10-27T17:21:08.752918 #30178]  INFO -- : finished AYE
I, [2013-10-27T17:21:11.319985 #30178]  INFO -- : finished AYF
I, [2013-10-27T17:21:13.987525 #30178]  INFO -- : finished AYG
I, [2013-10-27T17:21:18.580535 #30178]  INFO -- : finished AYH
I, [2013-10-27T17:21:21.568073 #30178]  INFO -- : finished AYI
I, [2013-10-27T17:21:24.333813 #30178]  INFO -- : finished AYJ
I, [2013-10-27T17:21:27.082009 #30178]  INFO -- : finished AYK
I, [2013-10-27T17:21:29.917644 #30178]  INFO -- : finished AYL
I, [2013-10-27T17:21:36.000537 #30178]  INFO -- : finished AYM
I, [2013-10-27T17:21:38.742629 #30178]  INFO -- : finished AYN
I, [2013-10-27T17:21:41.481652 #30178]  INFO -- : finished AYO
I, [2013-10-27T17:21:44.568178 #30178]  INFO -- : finished AYP
I, [2013-10-27T17:21:47.176168 #30178]  INFO -- : finished AYQ
I, [2013-10-27T17:21:49.751008 #30178]  INFO -- : finished AYR
I, [2013-10-27T17:21:54.767086 #30178]  INFO -- : finished AYS
I, [2013-10-27T17:21:57.410525 #30178]  INFO -- : finished AYT
I, [2013-10-27T17:22:00.251021 #30178]  INFO -- : finished AYU
I, [2013-10-27T17:22:03.143904 #30178]  INFO -- : finished AYV
I, [2013-10-27T17:22:05.746453 #30178]  INFO -- : finished AYW
I, [2013-10-27T17:22:08.748695 #30178]  INFO -- : finished AYX
I, [2013-10-27T17:22:11.883702 #30178]  INFO -- : finished AYY
I, [2013-10-27T17:22:14.879511 #30178]  INFO -- : finished AYZ
I, [2013-10-27T17:22:17.579052 #30178]  INFO -- : finished AZA
I, [2013-10-27T17:22:20.398689 #30178]  INFO -- : finished AZB
I, [2013-10-27T17:22:22.913194 #30178]  INFO -- : finished AZC
I, [2013-10-27T17:22:25.774644 #30178]  INFO -- : finished AZD
I, [2013-10-27T17:22:28.519461 #30178]  INFO -- : finished AZE
I, [2013-10-27T17:22:31.063124 #30178]  INFO -- : finished AZF
I, [2013-10-27T17:22:33.752685 #30178]  INFO -- : finished AZG
I, [2013-10-27T17:22:36.799240 #30178]  INFO -- : finished AZH
I, [2013-10-27T17:22:39.412136 #30178]  INFO -- : finished AZI
I, [2013-10-27T17:22:42.145461 #30178]  INFO -- : finished AZJ
I, [2013-10-27T17:22:45.142393 #30178]  INFO -- : finished AZK
I, [2013-10-27T17:22:47.916560 #30178]  INFO -- : finished AZL
I, [2013-10-27T17:22:50.464087 #30178]  INFO -- : finished AZM
I, [2013-10-27T17:22:53.431208 #30178]  INFO -- : finished AZN
I, [2013-10-27T17:22:58.209764 #30178]  INFO -- : finished AZO
I, [2013-10-27T17:23:01.177160 #30178]  INFO -- : finished AZP
I, [2013-10-27T17:23:04.447885 #30178]  INFO -- : finished AZQ
I, [2013-10-27T17:23:06.973323 #30178]  INFO -- : finished AZR
I, [2013-10-27T17:23:18.717478 #30178]  INFO -- : finished AZS
I, [2013-10-27T17:23:21.090977 #30178]  INFO -- : finished AZT
I, [2013-10-27T17:23:23.480725 #30178]  INFO -- : finished AZU
I, [2013-10-27T17:23:26.322900 #30178]  INFO -- : finished AZV
I, [2013-10-27T17:23:29.144833 #30178]  INFO -- : finished AZW
I, [2013-10-27T17:23:31.573465 #30178]  INFO -- : finished AZX
I, [2013-10-27T17:23:33.931944 #30178]  INFO -- : finished AZY
I, [2013-10-27T17:23:36.712418 #30178]  INFO -- : finished AZZ
I, [2013-10-27T17:23:41.528379 #30178]  INFO -- : finished BAA
I, [2013-10-27T17:23:44.315654 #30178]  INFO -- : finished BAB
I, [2013-10-27T17:24:06.425479 #30178]  INFO -- : finished BAC
I, [2013-10-27T17:24:22.894161 #30178]  INFO -- : finished BAD
I, [2013-10-27T17:24:25.306192 #30178]  INFO -- : finished BAE
I, [2013-10-27T17:24:28.151515 #30178]  INFO -- : finished BAF
I, [2013-10-27T17:24:32.464815 #30178]  INFO -- : finished BAG
I, [2013-10-27T17:28:34.073203 #30178]  INFO -- : finished BAH
I, [2013-10-27T17:28:49.216661 #30178]  INFO -- : finished BAI
I, [2013-10-27T17:28:51.794363 #30178]  INFO -- : finished BAJ
I, [2013-10-27T17:28:54.453365 #30178]  INFO -- : finished BAK
I, [2013-10-27T17:28:59.065432 #30178]  INFO -- : finished BAL
I, [2013-10-27T17:29:03.583314 #30178]  INFO -- : finished BAM
I, [2013-10-27T17:29:08.507517 #30178]  INFO -- : finished BAN
I, [2013-10-27T17:29:11.292654 #30178]  INFO -- : finished BAO
I, [2013-10-27T17:29:16.151741 #30178]  INFO -- : finished BAP
I, [2013-10-27T17:29:18.996479 #30178]  INFO -- : finished BAQ
I, [2013-10-27T17:29:23.906574 #30178]  INFO -- : finished BAR
I, [2013-10-27T17:29:28.642000 #30178]  INFO -- : finished BAS
I, [2013-10-27T17:29:33.443348 #30178]  INFO -- : finished BAT
I, [2013-10-27T17:29:36.232438 #30178]  INFO -- : finished BAU
I, [2013-10-27T17:29:38.684553 #30178]  INFO -- : finished BAV
I, [2013-10-27T17:29:41.138424 #30178]  INFO -- : finished BAW
I, [2013-10-27T17:29:43.769399 #30178]  INFO -- : finished BAX
I, [2013-10-27T17:29:48.458432 #30178]  INFO -- : finished BAY
I, [2013-10-27T17:29:51.081269 #30178]  INFO -- : finished BAZ
I, [2013-10-27T17:29:53.903770 #30178]  INFO -- : finished BBA
I, [2013-10-27T17:29:56.506613 #30178]  INFO -- : finished BBB
I, [2013-10-27T17:29:59.109295 #30178]  INFO -- : finished BBC
I, [2013-10-27T17:30:02.209065 #30178]  INFO -- : finished BBD
I, [2013-10-27T17:30:04.667195 #30178]  INFO -- : finished BBE
I, [2013-10-27T17:30:07.342678 #30178]  INFO -- : finished BBF
I, [2013-10-27T17:30:10.352505 #30178]  INFO -- : finished BBG
I, [2013-10-27T17:30:12.977357 #30178]  INFO -- : finished BBH
I, [2013-10-27T17:30:15.707827 #30178]  INFO -- : finished BBI
I, [2013-10-27T17:30:18.333889 #30178]  INFO -- : finished BBJ
I, [2013-10-27T17:30:20.874750 #30178]  INFO -- : finished BBK
I, [2013-10-27T17:30:23.498333 #30178]  INFO -- : finished BBL
I, [2013-10-27T17:30:26.326046 #30178]  INFO -- : finished BBM
I, [2013-10-27T17:30:29.253397 #30178]  INFO -- : finished BBN
I, [2013-10-27T17:30:31.882508 #30178]  INFO -- : finished BBO
I, [2013-10-27T17:30:34.517265 #30178]  INFO -- : finished BBP
I, [2013-10-27T17:30:37.167746 #30178]  INFO -- : finished BBQ
I, [2013-10-27T17:30:40.941350 #30178]  INFO -- : finished BBR
I, [2013-10-27T17:30:43.876022 #30178]  INFO -- : finished BBS
I, [2013-10-27T17:30:47.048816 #30178]  INFO -- : finished BBT
I, [2013-10-27T17:30:49.774482 #30178]  INFO -- : finished BBU
I, [2013-10-27T17:30:52.655792 #30178]  INFO -- : finished BBV
I, [2013-10-27T17:30:55.418053 #30178]  INFO -- : finished BBW
I, [2013-10-27T17:31:00.698877 #30178]  INFO -- : finished BBX
I, [2013-10-27T17:31:15.109498 #30178]  INFO -- : finished BBY
I, [2013-10-27T17:31:17.845492 #30178]  INFO -- : finished BBZ
I, [2013-10-27T17:31:20.465527 #30178]  INFO -- : finished BCA
I, [2013-10-27T17:31:22.960529 #30178]  INFO -- : finished BCB
I, [2013-10-27T17:31:26.870217 #30178]  INFO -- : finished BCC
I, [2013-10-27T17:31:29.527047 #30178]  INFO -- : finished BCD
I, [2013-10-27T17:31:32.182451 #30178]  INFO -- : finished BCE
I, [2013-10-27T17:31:35.404544 #30178]  INFO -- : finished BCF
I, [2013-10-27T17:31:51.475402 #30178]  INFO -- : finished BCG
I, [2013-10-27T17:31:54.127697 #30178]  INFO -- : finished BCH
I, [2013-10-27T17:31:56.828664 #30178]  INFO -- : finished BCI
I, [2013-10-27T17:31:59.737823 #30178]  INFO -- : finished BCJ
I, [2013-10-27T17:32:02.902382 #30178]  INFO -- : finished BCK
I, [2013-10-27T17:32:05.718002 #30178]  INFO -- : finished BCL
I, [2013-10-27T17:32:08.471673 #30178]  INFO -- : finished BCM
I, [2013-10-27T17:32:10.960146 #30178]  INFO -- : finished BCN
I, [2013-10-27T17:32:13.791393 #30178]  INFO -- : finished BCO
I, [2013-10-27T17:32:16.891432 #30178]  INFO -- : finished BCP
I, [2013-10-27T17:32:19.423357 #30178]  INFO -- : finished BCQ
I, [2013-10-27T17:32:21.888081 #30178]  INFO -- : finished BCR
I, [2013-10-27T21:43:49.949786 #30708]  INFO -- : Beginning Two Letter Search..
I, [2013-10-27T21:43:58.526683 #30708]  INFO -- : finished AA
I, [2013-10-27T21:44:02.833329 #30708]  INFO -- : finished AB
I, [2013-10-27T21:44:05.130320 #30708]  INFO -- : finished AC
I, [2013-10-27T21:44:09.526341 #30708]  INFO -- : finished AD
I, [2013-10-27T21:44:14.088415 #30708]  INFO -- : finished AE
I, [2013-10-27T21:44:16.256156 #30708]  INFO -- : finished AF
I, [2013-10-27T21:44:20.491111 #30708]  INFO -- : finished AG
I, [2013-10-27T21:44:24.699913 #30708]  INFO -- : finished AH
I, [2013-10-27T21:46:15.006889 #30725]  INFO -- : Beginning Three Letter Search
I, [2013-10-27T21:46:21.037493 #30725]  INFO -- : finished BCS
I, [2013-10-27T21:46:23.100347 #30725]  INFO -- : finished BCT
I, [2013-10-27T21:46:25.205730 #30725]  INFO -- : finished BCU
I, [2013-10-27T21:46:27.537727 #30725]  INFO -- : finished BCV
I, [2013-10-27T21:46:29.714291 #30725]  INFO -- : finished BCW
I, [2013-10-27T21:46:31.923668 #30725]  INFO -- : finished BCX
I, [2013-10-27T21:46:34.098360 #30725]  INFO -- : finished BCY
I, [2013-10-27T21:46:36.329148 #30725]  INFO -- : finished BCZ
I, [2013-10-27T21:46:38.682747 #30725]  INFO -- : finished BDA
I, [2013-10-27T21:46:42.225141 #30725]  INFO -- : finished BDB
I, [2013-10-27T21:46:44.423451 #30725]  INFO -- : finished BDC
I, [2013-10-27T21:46:46.696258 #30725]  INFO -- : finished BDD
I, [2013-10-27T21:46:48.724364 #30725]  INFO -- : finished BDE
I, [2013-10-27T21:46:50.890318 #30725]  INFO -- : finished BDF
I, [2013-10-27T21:46:53.035406 #30725]  INFO -- : finished BDG
I, [2013-10-27T21:46:55.135572 #30725]  INFO -- : finished BDH
I, [2013-10-27T21:46:57.240767 #30725]  INFO -- : finished BDI
I, [2013-10-27T21:46:59.351915 #30725]  INFO -- : finished BDJ
I, [2013-10-27T21:47:01.491719 #30725]  INFO -- : finished BDK
I, [2013-10-27T21:47:03.750716 #30725]  INFO -- : finished BDL
I, [2013-10-27T21:47:05.830862 #30725]  INFO -- : finished BDM
I, [2013-10-27T21:47:08.064360 #30725]  INFO -- : finished BDN
I, [2013-10-27T21:47:10.302773 #30725]  INFO -- : finished BDO
I, [2013-10-27T21:47:13.057629 #30725]  INFO -- : finished BDP
I, [2013-10-27T21:47:15.151535 #30725]  INFO -- : finished BDQ
I, [2013-10-27T21:47:17.290775 #30725]  INFO -- : finished BDR
I, [2013-10-27T21:47:19.497842 #30725]  INFO -- : finished BDS
I, [2013-10-27T21:47:21.566456 #30725]  INFO -- : finished BDT
I, [2013-10-27T21:47:23.742612 #30725]  INFO -- : finished BDU
I, [2013-10-27T21:47:26.667001 #30725]  INFO -- : finished BDV
I, [2013-10-27T21:47:28.911221 #30725]  INFO -- : finished BDW
I, [2013-10-27T21:47:30.936463 #30725]  INFO -- : finished BDX
I, [2013-10-27T21:47:33.027435 #30725]  INFO -- : finished BDY
I, [2013-10-27T21:47:35.150287 #30725]  INFO -- : finished BDZ
